<?xml version="1.0" encoding="UTF-8"?>
<!-- Generated by org.testng.reporters.JUnitXMLReporter -->
<testsuite ignored="0" hostname="LTIN294257" failures="1" tests="18" name="Test3" time="56.312" errors="0" timestamp="2024-01-07T21:48:01 IST">
  <testcase classname="allTest.FlightTest" name="navigateToFLightsPage" time="2.279"/>
  <testcase classname="allTest.FlightTest" name="verifyFromTextBox" time="0.169"/>
  <testcase classname="allTest.FlightTest" name="verifyOriginCity" time="0.55"/>
  <testcase classname="allTest.FlightTest" name="verifyToTextBox" time="0.019"/>
  <testcase classname="allTest.FlightTest" name="verifyDestinationCity" time="0.528"/>
  <testcase classname="allTest.FlightTest" name="verifyDateBtn" time="0.012"/>
  <testcase classname="allTest.FlightTest" name="validationOfLowestFares" time="38.495">
    <failure type="java.lang.NullPointerException" message="Cannot invoke &amp;quot;org.openqa.selenium.WebDriver.navigate()&amp;quot; because &amp;quot;this.driver&amp;quot; is null">
      <![CDATA[java.lang.NullPointerException: Cannot invoke "org.openqa.selenium.WebDriver.navigate()" because "this.driver" is null
at allTest.FlightTest.validationOfLowestFares(FlightTest.java:74)
at java.base/java.util.ArrayList.forEach(ArrayList.java:1511)
at java.base/java.util.concurrent.FutureTask.run(FutureTask.java:317)
at java.base/java.util.concurrent.ThreadPoolExecutor.runWorker(ThreadPoolExecutor.java:1144)
at java.base/java.util.concurrent.ThreadPoolExecutor$Worker.run(ThreadPoolExecutor.java:642)
at java.base/java.lang.Thread.run(Thread.java:1589)
... Removed 15 stack frames]]>
    </failure>
  </testcase> <!-- validationOfLowestFares -->
  <testcase classname="allTest.FlightTest" name="lowestDateSelection" time="0.0">
    <skipped/>
  </testcase> <!-- lowestDateSelection -->
  <testcase classname="allTest.FlightTest" name="enterTravellerDetails" time="0.0">
    <skipped/>
  </testcase> <!-- enterTravellerDetails -->
  <testcase classname="allTest.FlightTest" name="verifySearchButton" time="0.0">
    <skipped/>
  </testcase> <!-- verifySearchButton -->
  <testcase classname="allTest.FlightTest" name="verifyPriceFilter" time="0.0">
    <skipped/>
  </testcase> <!-- verifyPriceFilter -->
  <testcase classname="allTest.FlightTest" name="verifyBookBtn" time="0.0">
    <skipped/>
  </testcase> <!-- verifyBookBtn -->
  <testcase classname="allTest.FlightTest" name="verifyFlightDetails" time="0.0">
    <skipped/>
  </testcase> <!-- verifyFlightDetails -->
  <testcase classname="allTest.FlightTest" name="enterPassengerDetails" time="0.0">
    <skipped/>
  </testcase> <!-- enterPassengerDetails -->
  <testcase classname="allTest.FlightTest" name="verifyPassengerDetails" time="0.0">
    <skipped/>
  </testcase> <!-- verifyPassengerDetails -->
  <testcase classname="allTest.FlightTest" name="verifyCardPaymentOption" time="0.0">
    <skipped/>
  </testcase> <!-- verifyCardPaymentOption -->
  <testcase classname="allTest.FlightTest" name="verifyCardDetailsFields" time="0.0">
    <skipped/>
  </testcase> <!-- verifyCardDetailsFields -->
  <testcase classname="allTest.FlightTest" name="verifyPayWithoutSavingCardButton" time="0.0">
    <skipped/>
  </testcase> <!-- verifyPayWithoutSavingCardButton -->
</testsuite> <!-- Test3 -->
