<html>
<head>
<title>TestNG:  Test</title>
<link href="../testng.css" rel="stylesheet" type="text/css" />
<link href="../my-testng.css" rel="stylesheet" type="text/css" />

<style type="text/css">
.log { display: none;} 
.stack-trace { display: none;} 
</style>
<script type="text/javascript">
<!--
function flip(e) {
  current = e.style.display;
  if (current == 'block') {
    e.style.display = 'none';
    return 0;
  }
  else {
    e.style.display = 'block';
    return 1;
  }
}

function toggleBox(szDivId, elem, msg1, msg2)
{
  var res = -1;  if (document.getElementById) {
    res = flip(document.getElementById(szDivId));
  }
  else if (document.all) {
    // this is the way old msie versions work
    res = flip(document.all[szDivId]);
  }
  if(elem) {
    if(res == 0) elem.innerHTML = msg1; else elem.innerHTML = msg2;
  }

}

function toggleAllBoxes() {
  if (document.getElementsByTagName) {
    d = document.getElementsByTagName('div');
    for (i = 0; i < d.length; i++) {
      if (d[i].className == 'log') {
        flip(d[i]);
      }
    }
  }
}

// -->
</script>

</head>
<body>
<h2 align='center'>Test</h2><table border='1' align="center">
<tr>
<td>Tests passed/Failed/Skipped:</td><td>40/1/4</td>
</tr><tr>
<td>Started on:</td><td>Wed Jan 03 10:50:03 IST 2024</td>
</tr>
<tr><td>Total time:</td><td>214 seconds (214387 ms)</td>
</tr><tr>
<td>Included groups:</td><td></td>
</tr><tr>
<td>Excluded groups:</td><td></td>
</tr>
</table><p/>
<small><i>(Hover the method name to see the test class name)</i></small><p/>
<table width='100%' border='1' class='invocation-failed'>
<tr><td colspan='4' align='center'><b>FAILED TESTS</b></td></tr>
<tr><td><b>Test method</b></td>
<td><b>Attribute(s)</b></td>
<td width="30%"><b>Exception</b></td>
<td width="10%"><b>Time (seconds)</b></td>
<td><b>Instance</b></td>
</tr>
<tr>
<td title='allTest.FlightTest.enterPassengerDetails()'><b>enterPassengerDetails</b><br>Test class: allTest.FlightTest<br>Test method: To verify user is able to fill passenger details <br>Parameters: [Ljava.lang.String;@2a728076</td>
<td><div><pre>java.lang.NumberFormatException: For input string: &quot;&quot;
	at java.base/java.lang.NumberFormatException.forInputString(NumberFormatException.java:67)
	at java.base/java.lang.Integer.parseInt(Integer.java:675)
	at java.base/java.lang.Integer.valueOf(Integer.java:992)
	at pages.flights.FlightsBookingPage.verifyGrandTotal(FlightsBookingPage.java:124)
	at allTest.FlightTest.enterPassengerDetails(FlightTest.java:140)
	at java.base/java.util.ArrayList.forEach(ArrayList.java:1511)
... Removed 25 stack frames</pre></div><a href='#' onClick='toggleBox("stack-trace1398464310", this, "Click to show all stack frames", "Click to hide stack frames")'>Click to show all stack frames</a>
<div class='stack-trace' id='stack-trace1398464310'><pre>java.lang.NumberFormatException: For input string: &quot;&quot;
	at java.base/java.lang.NumberFormatException.forInputString(NumberFormatException.java:67)
	at java.base/java.lang.Integer.parseInt(Integer.java:675)
	at java.base/java.lang.Integer.valueOf(Integer.java:992)
	at pages.flights.FlightsBookingPage.verifyGrandTotal(FlightsBookingPage.java:124)
	at allTest.FlightTest.enterPassengerDetails(FlightTest.java:140)
	at java.base/jdk.internal.reflect.DirectMethodHandleAccessor.invoke(DirectMethodHandleAccessor.java:104)
	at java.base/java.lang.reflect.Method.invoke(Method.java:578)
	at org.testng.internal.invokers.MethodInvocationHelper.invokeMethod(MethodInvocationHelper.java:139)
	at org.testng.internal.invokers.TestInvoker.invokeMethod(TestInvoker.java:664)
	at org.testng.internal.invokers.TestInvoker.invokeTestMethod(TestInvoker.java:227)
	at org.testng.internal.invokers.MethodRunner.runInSequence(MethodRunner.java:50)
	at org.testng.internal.invokers.TestInvoker$MethodInvocationAgent.invoke(TestInvoker.java:957)
	at org.testng.internal.invokers.TestInvoker.invokeTestMethods(TestInvoker.java:200)
	at org.testng.internal.invokers.TestMethodWorker.invokeTestMethods(TestMethodWorker.java:148)
	at org.testng.internal.invokers.TestMethodWorker.run(TestMethodWorker.java:128)
	at java.base/java.util.ArrayList.forEach(ArrayList.java:1511)
	at org.testng.TestRunner.privateRun(TestRunner.java:848)
	at org.testng.TestRunner.run(TestRunner.java:621)
	at org.testng.SuiteRunner.runTest(SuiteRunner.java:443)
	at org.testng.SuiteRunner.runSequentially(SuiteRunner.java:437)
	at org.testng.SuiteRunner.privateRun(SuiteRunner.java:397)
	at org.testng.SuiteRunner.run(SuiteRunner.java:336)
	at org.testng.SuiteRunnerWorker.runSuite(SuiteRunnerWorker.java:52)
	at org.testng.SuiteRunnerWorker.run(SuiteRunnerWorker.java:95)
	at org.testng.TestNG.runSuitesSequentially(TestNG.java:1280)
	at org.testng.TestNG.runSuitesLocally(TestNG.java:1200)
	at org.testng.TestNG.runSuites(TestNG.java:1114)
	at org.testng.TestNG.run(TestNG.java:1082)
	at org.testng.remote.AbstractRemoteTestNG.run(AbstractRemoteTestNG.java:115)
	at org.testng.remote.RemoteTestNG.initAndRun(RemoteTestNG.java:251)
	at org.testng.remote.RemoteTestNG.main(RemoteTestNG.java:77)
</pre></div></td>
<td>4</td>
<td>allTest.FlightTest@24313fcc</td></tr>
</table><p>
<table width='100%' border='1' class='invocation-passed'>
<tr><td colspan='4' align='center'><b>PASSED TESTS</b></td></tr>
<tr><td><b>Test method</b></td>
<td><b>Attribute(s)</b></td>
<td width="30%"><b>Exception</b></td>
<td width="10%"><b>Time (seconds)</b></td>
<td><b>Instance</b></td>
</tr>
<tr>
<td title='allTest.HotelsTest.verifyRoomOptionsSelection()'><b>verifyRoomOptionsSelection</b><br>Test class: allTest.HotelsTest<br>Test method: To verify if user is view the availble room options and is able to book the required room option</td>
<td></td>
<td>1</td>
<td>allTest.HotelsTest@b2c9a9c</td></tr>
<tr>
<td title='allTest.HotelsTest.verifyPayWithoutSavingCardButton()'><b>verifyPayWithoutSavingCardButton</b><br>Test class: allTest.HotelsTest<br>Test method: To verify functionality of 'Pay without saving card' option</td>
<td></td>
<td>0</td>
<td>allTest.HotelsTest@b2c9a9c</td></tr>
<tr>
<td title='allTest.FlightTest.verifyOriginCity()'><b>verifyOriginCity</b><br>Test class: allTest.FlightTest<br>Test method: To verify if user is able to click Bengaluru from city dropdown list</td>
<td></td>
<td>0</td>
<td>allTest.FlightTest@24313fcc</td></tr>
<tr>
<td title='allTest.HotelsTest.validationOfSearchField()'><b>validationOfSearchField</b><br>Test class: allTest.HotelsTest<br>Test method: To validate the functionality of Search button</td>
<td></td>
<td>14</td>
<td>allTest.HotelsTest@b2c9a9c</td></tr>
<tr>
<td title='allTest.FlightTest.verifyDestinationCity()'><b>verifyDestinationCity</b><br>Test class: allTest.FlightTest<br>Test method: To verify if user is able to click Ranchi from city dropdown list</td>
<td></td>
<td>0</td>
<td>allTest.FlightTest@24313fcc</td></tr>
<tr>
<td title='allTest.HotelsTest.validationOfAdultsField()'><b>validationOfAdultsField</b><br>Test class: allTest.HotelsTest<br>Test method: To verify if user is able to select the required number of adults</td>
<td></td>
<td>0</td>
<td>allTest.HotelsTest@b2c9a9c</td></tr>
<tr>
<td title='allTest.HotelsTest.validateSearchCriteria()'><b>validateSearchCriteria</b><br>Test class: allTest.HotelsTest<br>Test method: To verify the search criteria details on the hotel info page</td>
<td></td>
<td>0</td>
<td>allTest.HotelsTest@b2c9a9c</td></tr>
<tr>
<td title='allTest.HotelsTest.verifyDetailsOnPaymentGateway()'><b>verifyDetailsOnPaymentGateway</b><br>Test class: allTest.HotelsTest<br>Test method: To verify the details on the Payment Gateway page</td>
<td></td>
<td>0</td>
<td>allTest.HotelsTest@b2c9a9c</td></tr>
<tr>
<td title='allTest.HotelsTest.verifyRequiredFields()'><b>verifyRequiredFields</b><br>Test class: allTest.HotelsTest<br>Test method: To verify if user is able to fill all the required guest details</td>
<td></td>
<td>0</td>
<td>allTest.HotelsTest@b2c9a9c</td></tr>
<tr>
<td title='allTest.HotelsTest.verify0RoomAdd()'><b>verify0RoomAdd</b><br>Test class: allTest.HotelsTest<br>Test method: To verify if user is able to enter 0 room in the Rooms field</td>
<td></td>
<td>0</td>
<td>allTest.HotelsTest@b2c9a9c</td></tr>
<tr>
<td title='allTest.FlightTest.navigateToFLightsPage()'><b>navigateToFLightsPage</b><br>Test class: allTest.FlightTest<br>Test method: To validate if Flight menu button is diaplyed and is clickable</td>
<td></td>
<td>2</td>
<td>allTest.FlightTest@24313fcc</td></tr>
<tr>
<td title='allTest.FlightTest.verifySearchButton()'><b>verifySearchButton</b><br>Test class: allTest.FlightTest<br>Test method: To verify the functionality of "Search flights" button after user click it</td>
<td></td>
<td>17</td>
<td>allTest.FlightTest@24313fcc</td></tr>
<tr>
<td title='allTest.HotelsTest.validationOfChildrenField()'><b>validationOfChildrenField</b><br>Test class: allTest.HotelsTest<br>Test method: To verify if user is able to select the required number of children and should be able to select the age for each of the children added</td>
<td></td>
<td>0</td>
<td>allTest.HotelsTest@b2c9a9c</td></tr>
<tr>
<td title='allTest.FlightTest.lowestDateSelection()'><b>lowestDateSelection</b><br>Test class: allTest.FlightTest<br>Test method: To verify user is able to select date from Calendar for the lowest price</td>
<td></td>
<td>0</td>
<td>allTest.FlightTest@24313fcc</td></tr>
<tr>
<td title='allTest.FlightTest.enterTravellerDetails()'><b>enterTravellerDetails</b><br>Test class: allTest.FlightTest<br>Test method: To verify user is able to add details in Travellers and class menu</td>
<td></td>
<td>0</td>
<td>allTest.FlightTest@24313fcc</td></tr>
<tr>
<td title='allTest.HotelsTest.verifySortingOptions()'><b>verifySortingOptions</b><br>Test class: allTest.HotelsTest<br>Test method: To verify the functionality of the sorting options<br>Parameters: Price(High to Low)</td>
<td></td>
<td>1</td>
<td>allTest.HotelsTest@b2c9a9c</td></tr>
<tr>
<td title='allTest.HotelsTest.verifyPriceFilter()'><b>verifyPriceFilter</b><br>Test class: allTest.HotelsTest<br>Test method: To verify the functionality of Price filters</td>
<td></td>
<td>2</td>
<td>allTest.HotelsTest@b2c9a9c</td></tr>
<tr>
<td title='allTest.HotelsTest.verifyPriceSummary()'><b>verifyPriceSummary</b><br>Test class: allTest.HotelsTest<br>Test method: To verify the displayed information of price summary</td>
<td></td>
<td>0</td>
<td>allTest.HotelsTest@b2c9a9c</td></tr>
<tr>
<td title='allTest.HotelsTest.verifyPaymentButton()'><b>verifyPaymentButton</b><br>Test class: allTest.HotelsTest<br>Test method: To verify the functionality of 'Proceed To Payment Options' button</td>
<td></td>
<td>2</td>
<td>allTest.HotelsTest@b2c9a9c</td></tr>
<tr>
<td title='allTest.HotelsTest.verifySortingOptions()'><b>verifySortingOptions</b><br>Test class: allTest.HotelsTest<br>Test method: To verify the functionality of the sorting options<br>Parameters: Price(Low to High)</td>
<td></td>
<td>0</td>
<td>allTest.HotelsTest@b2c9a9c</td></tr>
<tr>
<td title='allTest.HotelsTest.verifyCardPaymentOption()'><b>verifyCardPaymentOption</b><br>Test class: allTest.HotelsTest<br>Test method: To verify if user is able to choose 'Credit/Debit/ATM Card' option</td>
<td></td>
<td>0</td>
<td>allTest.HotelsTest@b2c9a9c</td></tr>
<tr>
<td title='allTest.FlightTest.verifyPriceFilter()'><b>verifyPriceFilter</b><br>Test class: allTest.FlightTest<br>Test method: To verify the functionality of Price Filter</td>
<td></td>
<td>57</td>
<td>allTest.FlightTest@24313fcc</td></tr>
<tr>
<td title='allTest.HotelsTest.validationOfWhereSearchfield()'><b>validationOfWhereSearchfield</b><br>Test class: allTest.HotelsTest<br>Test method: To validate the functionality of 'Where' search box to be able to take input and is able to select the required location</td>
<td></td>
<td>0</td>
<td>allTest.HotelsTest@b2c9a9c</td></tr>
<tr>
<td title='allTest.HotelsTest.validationOfRadioButtons()'><b>validationOfRadioButtons</b><br>Test class: allTest.HotelsTest<br>Test method: To validate the working of radio buttons</td>
<td></td>
<td>0</td>
<td>allTest.HotelsTest@b2c9a9c</td></tr>
<tr>
<td title='allTest.FlightTest.verifyBookBtn()'><b>verifyBookBtn</b><br>Test class: allTest.FlightTest<br>Test method: To verify the functionality of "Book now" button after user click on cheapest price flight</td>
<td></td>
<td>2</td>
<td>allTest.FlightTest@24313fcc</td></tr>
<tr>
<td title='allTest.HotelsTest.verifyOfferCodeSelection()'><b>verifyOfferCodeSelection</b><br>Test class: allTest.HotelsTest<br>Test method: To verify if the offer code gets selected and gets applied in the price summary</td>
<td></td>
<td>0</td>
<td>allTest.HotelsTest@b2c9a9c</td></tr>
<tr>
<td title='allTest.FlightTest.verifyDateBtn()'><b>verifyDateBtn</b><br>Test class: allTest.FlightTest<br>Test method: To verify Departure date button is clickable</td>
<td></td>
<td>0</td>
<td>allTest.FlightTest@24313fcc</td></tr>
<tr>
<td title='allTest.HotelsTest.navigateToHotelsPage()'><b>navigateToHotelsPage</b><br>Test class: allTest.HotelsTest<br>Test method: To validate if 'Hotel' menu button is displayed and clickable</td>
<td></td>
<td>2</td>
<td>allTest.HotelsTest@b2c9a9c</td></tr>
<tr>
<td title='allTest.HotelsTest.verifyCardDetailsFields()'><b>verifyCardDetailsFields</b><br>Test class: allTest.HotelsTest<br>Test method: To verify if user is able to enter credit card details</td>
<td></td>
<td>1</td>
<td>allTest.HotelsTest@b2c9a9c</td></tr>
<tr>
<td title='allTest.HotelsTest.verify0AdultAdd()'><b>verify0AdultAdd</b><br>Test class: allTest.HotelsTest<br>Test method: To verify if user is able to enter 0 adult in the Adults field</td>
<td></td>
<td>0</td>
<td>allTest.HotelsTest@b2c9a9c</td></tr>
<tr>
<td title='allTest.FlightTest.verifyFlightDetails()'><b>verifyFlightDetails</b><br>Test class: allTest.FlightTest<br>Test method: To verify the details of flight is displayed at overview page</td>
<td></td>
<td>0</td>
<td>allTest.FlightTest@24313fcc</td></tr>
<tr>
<td title='allTest.FlightTest.verifyFromTextBox()'><b>verifyFromTextBox</b><br>Test class: allTest.FlightTest<br>Test method: To validate From textbox is enabled</td>
<td></td>
<td>0</td>
<td>allTest.FlightTest@24313fcc</td></tr>
<tr>
<td title='allTest.HotelsTest.verifyHotelSelection()'><b>verifyHotelSelection</b><br>Test class: allTest.HotelsTest<br>Test method: To verify if user is able to select hotel and is redirected to room booking page</td>
<td></td>
<td>2</td>
<td>allTest.HotelsTest@b2c9a9c</td></tr>
<tr>
<td title='allTest.HotelsTest.verifySortingOptions()'><b>verifySortingOptions</b><br>Test class: allTest.HotelsTest<br>Test method: To verify the functionality of the sorting options<br>Parameters: Customer Ratings</td>
<td></td>
<td>1</td>
<td>allTest.HotelsTest@b2c9a9c</td></tr>
<tr>
<td title='allTest.HotelsTest.verifyCustomerRatingFilter()'><b>verifyCustomerRatingFilter</b><br>Test class: allTest.HotelsTest<br>Test method: To verify the functionality of Rating filters</td>
<td></td>
<td>0</td>
<td>allTest.HotelsTest@b2c9a9c</td></tr>
<tr>
<td title='allTest.HotelsTest.verifySearchCriteria()'><b>verifySearchCriteria</b><br>Test class: allTest.HotelsTest<br>Test method: To verify the hotel search criteria details in the hotel results page</td>
<td></td>
<td>0</td>
<td>allTest.HotelsTest@b2c9a9c</td></tr>
<tr>
<td title='allTest.HotelsTest.validationOfDateFields()'><b>validationOfDateFields</b><br>Test class: allTest.HotelsTest<br>Test method: To validate the functionality of date fields to be able select required dates</td>
<td></td>
<td>0</td>
<td>allTest.HotelsTest@b2c9a9c</td></tr>
<tr>
<td title='allTest.HotelsTest.validationOfRoomsField()'><b>validationOfRoomsField</b><br>Test class: allTest.HotelsTest<br>Test method: To verify if user is able to select the required number of rooms</td>
<td></td>
<td>0</td>
<td>allTest.HotelsTest@b2c9a9c</td></tr>
<tr>
<td title='allTest.FlightTest.verifyToTextBox()'><b>verifyToTextBox</b><br>Test class: allTest.FlightTest<br>Test method: To validate To textbox is enabled</td>
<td></td>
<td>0</td>
<td>allTest.FlightTest@24313fcc</td></tr>
<tr>
<td title='allTest.FlightTest.validationOfLowestFares()'><b>validationOfLowestFares</b><br>Test class: allTest.FlightTest<br>Test method: To verify fare displayed is lowest for the day</td>
<td></td>
<td>68</td>
<td>allTest.FlightTest@24313fcc</td></tr>
</table><p>
<table width='100%' border='1' class='invocation-skipped'>
<tr><td colspan='4' align='center'><b>SKIPPED TESTS</b></td></tr>
<tr><td><b>Test method</b></td>
<td><b>Attribute(s)</b></td>
<td width="30%"><b>Exception</b></td>
<td width="10%"><b>Time (seconds)</b></td>
<td><b>Instance</b></td>
</tr>
<tr>
<td title='allTest.FlightTest.verifyPassengerDetails()'><b>verifyPassengerDetails</b><br>Test class: allTest.FlightTest<br>Test method: To verify passenger details are displayed correctly</td>
<td><div><pre>java.lang.Throwable: Method allTest.FlightTest.verifyPassengerDetails() on instance allTest.FlightTest@24313fcc depends on not successfully finished methods 
[allTest.FlightTest.enterPassengerDetails() on instance allTest.FlightTest@24313fcc]
	at java.base/java.util.ArrayList.forEach(ArrayList.java:1511)
... Removed 18 stack frames</pre></div><a href='#' onClick='toggleBox("stack-trace1541339374", this, "Click to show all stack frames", "Click to hide stack frames")'>Click to show all stack frames</a>
<div class='stack-trace' id='stack-trace1541339374'><pre>java.lang.Throwable: Method allTest.FlightTest.verifyPassengerDetails() on instance allTest.FlightTest@24313fcc depends on not successfully finished methods 
[allTest.FlightTest.enterPassengerDetails() on instance allTest.FlightTest@24313fcc]
	at org.testng.internal.invokers.TestInvoker.invokeTestMethods(TestInvoker.java:156)
	at org.testng.internal.invokers.TestMethodWorker.invokeTestMethods(TestMethodWorker.java:148)
	at org.testng.internal.invokers.TestMethodWorker.run(TestMethodWorker.java:128)
	at java.base/java.util.ArrayList.forEach(ArrayList.java:1511)
	at org.testng.TestRunner.privateRun(TestRunner.java:848)
	at org.testng.TestRunner.run(TestRunner.java:621)
	at org.testng.SuiteRunner.runTest(SuiteRunner.java:443)
	at org.testng.SuiteRunner.runSequentially(SuiteRunner.java:437)
	at org.testng.SuiteRunner.privateRun(SuiteRunner.java:397)
	at org.testng.SuiteRunner.run(SuiteRunner.java:336)
	at org.testng.SuiteRunnerWorker.runSuite(SuiteRunnerWorker.java:52)
	at org.testng.SuiteRunnerWorker.run(SuiteRunnerWorker.java:95)
	at org.testng.TestNG.runSuitesSequentially(TestNG.java:1280)
	at org.testng.TestNG.runSuitesLocally(TestNG.java:1200)
	at org.testng.TestNG.runSuites(TestNG.java:1114)
	at org.testng.TestNG.run(TestNG.java:1082)
	at org.testng.remote.AbstractRemoteTestNG.run(AbstractRemoteTestNG.java:115)
	at org.testng.remote.RemoteTestNG.initAndRun(RemoteTestNG.java:251)
	at org.testng.remote.RemoteTestNG.main(RemoteTestNG.java:77)
</pre></div></td>
<td>0</td>
<td>allTest.FlightTest@24313fcc</td></tr>
<tr>
<td title='allTest.FlightTest.verifyCardDetailsFields()'><b>verifyCardDetailsFields</b><br>Test class: allTest.FlightTest<br>Test method: To verify if user is able to enter credit card details</td>
<td><div><pre>java.lang.Throwable: Method allTest.FlightTest.verifyCardDetailsFields() on instance allTest.FlightTest@24313fcc depends on not successfully finished methods 
[allTest.FlightTest.verifyCardPaymentOption() on instance allTest.FlightTest@24313fcc]
	at java.base/java.util.ArrayList.forEach(ArrayList.java:1511)
... Removed 18 stack frames</pre></div><a href='#' onClick='toggleBox("stack-trace196646633", this, "Click to show all stack frames", "Click to hide stack frames")'>Click to show all stack frames</a>
<div class='stack-trace' id='stack-trace196646633'><pre>java.lang.Throwable: Method allTest.FlightTest.verifyCardDetailsFields() on instance allTest.FlightTest@24313fcc depends on not successfully finished methods 
[allTest.FlightTest.verifyCardPaymentOption() on instance allTest.FlightTest@24313fcc]
	at org.testng.internal.invokers.TestInvoker.invokeTestMethods(TestInvoker.java:156)
	at org.testng.internal.invokers.TestMethodWorker.invokeTestMethods(TestMethodWorker.java:148)
	at org.testng.internal.invokers.TestMethodWorker.run(TestMethodWorker.java:128)
	at java.base/java.util.ArrayList.forEach(ArrayList.java:1511)
	at org.testng.TestRunner.privateRun(TestRunner.java:848)
	at org.testng.TestRunner.run(TestRunner.java:621)
	at org.testng.SuiteRunner.runTest(SuiteRunner.java:443)
	at org.testng.SuiteRunner.runSequentially(SuiteRunner.java:437)
	at org.testng.SuiteRunner.privateRun(SuiteRunner.java:397)
	at org.testng.SuiteRunner.run(SuiteRunner.java:336)
	at org.testng.SuiteRunnerWorker.runSuite(SuiteRunnerWorker.java:52)
	at org.testng.SuiteRunnerWorker.run(SuiteRunnerWorker.java:95)
	at org.testng.TestNG.runSuitesSequentially(TestNG.java:1280)
	at org.testng.TestNG.runSuitesLocally(TestNG.java:1200)
	at org.testng.TestNG.runSuites(TestNG.java:1114)
	at org.testng.TestNG.run(TestNG.java:1082)
	at org.testng.remote.AbstractRemoteTestNG.run(AbstractRemoteTestNG.java:115)
	at org.testng.remote.RemoteTestNG.initAndRun(RemoteTestNG.java:251)
	at org.testng.remote.RemoteTestNG.main(RemoteTestNG.java:77)
</pre></div></td>
<td>0</td>
<td>allTest.FlightTest@24313fcc</td></tr>
<tr>
<td title='allTest.FlightTest.verifyPayWithoutSavingCardButton()'><b>verifyPayWithoutSavingCardButton</b><br>Test class: allTest.FlightTest<br>Test method: To verify functionality of 'Pay without saving card' option</td>
<td><div><pre>java.lang.Throwable: Method allTest.FlightTest.verifyPayWithoutSavingCardButton() on instance allTest.FlightTest@24313fcc depends on not successfully finished methods 
[allTest.FlightTest.verifyCardDetailsFields() on instance allTest.FlightTest@24313fcc]
	at java.base/java.util.ArrayList.forEach(ArrayList.java:1511)
... Removed 18 stack frames</pre></div><a href='#' onClick='toggleBox("stack-trace2010785921", this, "Click to show all stack frames", "Click to hide stack frames")'>Click to show all stack frames</a>
<div class='stack-trace' id='stack-trace2010785921'><pre>java.lang.Throwable: Method allTest.FlightTest.verifyPayWithoutSavingCardButton() on instance allTest.FlightTest@24313fcc depends on not successfully finished methods 
[allTest.FlightTest.verifyCardDetailsFields() on instance allTest.FlightTest@24313fcc]
	at org.testng.internal.invokers.TestInvoker.invokeTestMethods(TestInvoker.java:156)
	at org.testng.internal.invokers.TestMethodWorker.invokeTestMethods(TestMethodWorker.java:148)
	at org.testng.internal.invokers.TestMethodWorker.run(TestMethodWorker.java:128)
	at java.base/java.util.ArrayList.forEach(ArrayList.java:1511)
	at org.testng.TestRunner.privateRun(TestRunner.java:848)
	at org.testng.TestRunner.run(TestRunner.java:621)
	at org.testng.SuiteRunner.runTest(SuiteRunner.java:443)
	at org.testng.SuiteRunner.runSequentially(SuiteRunner.java:437)
	at org.testng.SuiteRunner.privateRun(SuiteRunner.java:397)
	at org.testng.SuiteRunner.run(SuiteRunner.java:336)
	at org.testng.SuiteRunnerWorker.runSuite(SuiteRunnerWorker.java:52)
	at org.testng.SuiteRunnerWorker.run(SuiteRunnerWorker.java:95)
	at org.testng.TestNG.runSuitesSequentially(TestNG.java:1280)
	at org.testng.TestNG.runSuitesLocally(TestNG.java:1200)
	at org.testng.TestNG.runSuites(TestNG.java:1114)
	at org.testng.TestNG.run(TestNG.java:1082)
	at org.testng.remote.AbstractRemoteTestNG.run(AbstractRemoteTestNG.java:115)
	at org.testng.remote.RemoteTestNG.initAndRun(RemoteTestNG.java:251)
	at org.testng.remote.RemoteTestNG.main(RemoteTestNG.java:77)
</pre></div></td>
<td>0</td>
<td>allTest.FlightTest@24313fcc</td></tr>
<tr>
<td title='allTest.FlightTest.verifyCardPaymentOption()'><b>verifyCardPaymentOption</b><br>Test class: allTest.FlightTest<br>Test method: To verify if user is able to choose 'Credit/Debit/ATM Card' option</td>
<td><div><pre>java.lang.Throwable: Method allTest.FlightTest.verifyCardPaymentOption() on instance allTest.FlightTest@24313fcc depends on not successfully finished methods 
[allTest.FlightTest.verifyPassengerDetails() on instance allTest.FlightTest@24313fcc]
	at java.base/java.util.ArrayList.forEach(ArrayList.java:1511)
... Removed 18 stack frames</pre></div><a href='#' onClick='toggleBox("stack-trace2046308292", this, "Click to show all stack frames", "Click to hide stack frames")'>Click to show all stack frames</a>
<div class='stack-trace' id='stack-trace2046308292'><pre>java.lang.Throwable: Method allTest.FlightTest.verifyCardPaymentOption() on instance allTest.FlightTest@24313fcc depends on not successfully finished methods 
[allTest.FlightTest.verifyPassengerDetails() on instance allTest.FlightTest@24313fcc]
	at org.testng.internal.invokers.TestInvoker.invokeTestMethods(TestInvoker.java:156)
	at org.testng.internal.invokers.TestMethodWorker.invokeTestMethods(TestMethodWorker.java:148)
	at org.testng.internal.invokers.TestMethodWorker.run(TestMethodWorker.java:128)
	at java.base/java.util.ArrayList.forEach(ArrayList.java:1511)
	at org.testng.TestRunner.privateRun(TestRunner.java:848)
	at org.testng.TestRunner.run(TestRunner.java:621)
	at org.testng.SuiteRunner.runTest(SuiteRunner.java:443)
	at org.testng.SuiteRunner.runSequentially(SuiteRunner.java:437)
	at org.testng.SuiteRunner.privateRun(SuiteRunner.java:397)
	at org.testng.SuiteRunner.run(SuiteRunner.java:336)
	at org.testng.SuiteRunnerWorker.runSuite(SuiteRunnerWorker.java:52)
	at org.testng.SuiteRunnerWorker.run(SuiteRunnerWorker.java:95)
	at org.testng.TestNG.runSuitesSequentially(TestNG.java:1280)
	at org.testng.TestNG.runSuitesLocally(TestNG.java:1200)
	at org.testng.TestNG.runSuites(TestNG.java:1114)
	at org.testng.TestNG.run(TestNG.java:1082)
	at org.testng.remote.AbstractRemoteTestNG.run(AbstractRemoteTestNG.java:115)
	at org.testng.remote.RemoteTestNG.initAndRun(RemoteTestNG.java:251)
	at org.testng.remote.RemoteTestNG.main(RemoteTestNG.java:77)
</pre></div></td>
<td>0</td>
<td>allTest.FlightTest@24313fcc</td></tr>
</table><p>
</body>
</html>