<?xml version="1.0" encoding="UTF-8"?>
<!-- Generated by org.testng.reporters.JUnitReportReporter -->
<testsuite hostname="LTIN294257" failures="0" tests="18" name="allTest.FlightTest" time="42.052" errors="1" timestamp="2024-01-07T21:48:01 IST" skipped="11">
  <testcase classname="allTest.FlightTest" name="verifyDestinationCity" time="0.528"/>
  <testcase classname="allTest.FlightTest" name="verifyDateBtn" time="0.012"/>
  <testcase classname="allTest.FlightTest" name="verifyCardDetailsFields" time="0.000">
    <skipped/>
  </testcase> <!-- verifyCardDetailsFields -->
  <testcase classname="allTest.FlightTest" name="lowestDateSelection" time="0.000">
    <skipped/>
  </testcase> <!-- lowestDateSelection -->
  <testcase classname="allTest.FlightTest" name="verifyPayWithoutSavingCardButton" time="0.000">
    <skipped/>
  </testcase> <!-- verifyPayWithoutSavingCardButton -->
  <testcase classname="allTest.FlightTest" name="verifyOriginCity" time="0.550"/>
  <testcase classname="allTest.FlightTest" name="enterPassengerDetails" time="0.000">
    <skipped/>
  </testcase> <!-- enterPassengerDetails -->
  <testcase classname="allTest.FlightTest" name="verifyFromTextBox" time="0.169"/>
  <testcase classname="allTest.FlightTest" name="verifySearchButton" time="0.000">
    <skipped/>
  </testcase> <!-- verifySearchButton -->
  <testcase classname="allTest.FlightTest" name="enterTravellerDetails" time="0.000">
    <skipped/>
  </testcase> <!-- enterTravellerDetails -->
  <testcase classname="allTest.FlightTest" name="verifyBookBtn" time="0.000">
    <skipped/>
  </testcase> <!-- verifyBookBtn -->
  <testcase classname="allTest.FlightTest" name="verifyToTextBox" time="0.019"/>
  <testcase classname="allTest.FlightTest" name="verifyPassengerDetails" time="0.000">
    <skipped/>
  </testcase> <!-- verifyPassengerDetails -->
  <testcase classname="allTest.FlightTest" name="validationOfLowestFares" time="38.495">
    <error message="Cannot invoke &quot;org.openqa.selenium.WebDriver.navigate()&quot; because &quot;this.driver&quot; is null" type="java.lang.NullPointerException">
      <![CDATA[java.lang.NullPointerException: Cannot invoke "org.openqa.selenium.WebDriver.navigate()" because "this.driver" is null
at allTest.FlightTest.validationOfLowestFares(FlightTest.java:74)
at java.base/jdk.internal.reflect.DirectMethodHandleAccessor.invoke(DirectMethodHandleAccessor.java:104)
at java.base/java.lang.reflect.Method.invoke(Method.java:578)
at org.testng.internal.invokers.MethodInvocationHelper.invokeMethod(MethodInvocationHelper.java:139)
at org.testng.internal.invokers.TestInvoker.invokeMethod(TestInvoker.java:664)
at org.testng.internal.invokers.TestInvoker.invokeTestMethod(TestInvoker.java:227)
at org.testng.internal.invokers.MethodRunner.runInSequence(MethodRunner.java:50)
at org.testng.internal.invokers.TestInvoker$MethodInvocationAgent.invoke(TestInvoker.java:957)
at org.testng.internal.invokers.TestInvoker.invokeTestMethods(TestInvoker.java:200)
at org.testng.internal.invokers.TestMethodWorker.invokeTestMethods(TestMethodWorker.java:148)
at org.testng.internal.invokers.TestMethodWorker.run(TestMethodWorker.java:128)
at java.base/java.util.ArrayList.forEach(ArrayList.java:1511)
at org.testng.TestRunner.privateRun(TestRunner.java:848)
at org.testng.TestRunner.run(TestRunner.java:621)
at org.testng.SuiteRunner.runTest(SuiteRunner.java:443)
at org.testng.SuiteRunner$SuiteWorker.run(SuiteRunner.java:481)
at org.testng.internal.thread.ThreadUtil.lambda$execute$0(ThreadUtil.java:58)
at java.base/java.util.concurrent.FutureTask.run(FutureTask.java:317)
at java.base/java.util.concurrent.ThreadPoolExecutor.runWorker(ThreadPoolExecutor.java:1144)
at java.base/java.util.concurrent.ThreadPoolExecutor$Worker.run(ThreadPoolExecutor.java:642)
at java.base/java.lang.Thread.run(Thread.java:1589)
]]>
    </error>
  </testcase> <!-- validationOfLowestFares -->
  <testcase classname="allTest.FlightTest" name="verifyPriceFilter" time="0.000">
    <skipped/>
  </testcase> <!-- verifyPriceFilter -->
  <testcase classname="allTest.FlightTest" name="verifyFlightDetails" time="0.000">
    <skipped/>
  </testcase> <!-- verifyFlightDetails -->
  <testcase classname="allTest.FlightTest" name="navigateToFLightsPage" time="2.279"/>
  <testcase classname="allTest.FlightTest" name="verifyCardPaymentOption" time="0.000">
    <skipped/>
  </testcase> <!-- verifyCardPaymentOption -->
</testsuite> <!-- allTest.FlightTest -->
