<?xml version="1.0" encoding="UTF-8"?>
<!-- Generated by org.testng.reporters.JUnitReportReporter -->
<testsuite hostname="LTIN294257" failures="0" tests="25" name="allTest.HotelsTest" time="39.800" errors="1" timestamp="2024-01-07T21:48:01 IST" skipped="22">
  <testcase classname="allTest.HotelsTest" name="verify0AdultAdd" time="0.000">
    <skipped/>
  </testcase> <!-- verify0AdultAdd -->
  <testcase classname="allTest.HotelsTest" name="validationOfSearchField" time="0.000">
    <skipped/>
  </testcase> <!-- validationOfSearchField -->
  <testcase classname="allTest.HotelsTest" name="verifyPriceSummary" time="0.000">
    <skipped/>
  </testcase> <!-- verifyPriceSummary -->
  <testcase classname="allTest.HotelsTest" name="validationOfRoomsField" time="0.001">
    <skipped/>
  </testcase> <!-- validationOfRoomsField -->
  <testcase classname="allTest.HotelsTest" name="verifyPaymentButton" time="0.000">
    <skipped/>
  </testcase> <!-- verifyPaymentButton -->
  <testcase classname="allTest.HotelsTest" name="verifyPayWithoutSavingCardButton" time="0.000">
    <skipped/>
  </testcase> <!-- verifyPayWithoutSavingCardButton -->
  <testcase classname="allTest.HotelsTest" name="validationOfDateFields" time="0.000">
    <skipped/>
  </testcase> <!-- validationOfDateFields -->
  <testcase classname="allTest.HotelsTest" name="verifyCustomerRatingFilter" time="0.000">
    <skipped/>
  </testcase> <!-- verifyCustomerRatingFilter -->
  <testcase classname="allTest.HotelsTest" name="verifyRoomOptionsSelection" time="0.000">
    <skipped/>
  </testcase> <!-- verifyRoomOptionsSelection -->
  <testcase classname="allTest.HotelsTest" name="verifyRequiredFields" time="0.000">
    <skipped/>
  </testcase> <!-- verifyRequiredFields -->
  <testcase classname="allTest.HotelsTest" name="verifyDetailsOnPaymentGateway" time="0.001">
    <skipped/>
  </testcase> <!-- verifyDetailsOnPaymentGateway -->
  <testcase classname="allTest.HotelsTest" name="validateSearchCriteria" time="0.000">
    <skipped/>
  </testcase> <!-- validateSearchCriteria -->
  <testcase classname="allTest.HotelsTest" name="validationOfChildrenField" time="0.000">
    <skipped/>
  </testcase> <!-- validationOfChildrenField -->
  <testcase classname="allTest.HotelsTest" name="verifySearchCriteria" time="0.001">
    <skipped/>
  </testcase> <!-- verifySearchCriteria -->
  <testcase classname="allTest.HotelsTest" name="verifyPriceFilter" time="0.000">
    <skipped/>
  </testcase> <!-- verifyPriceFilter -->
  <testcase classname="allTest.HotelsTest" name="navigateToHotelsPage" time="7.953"/>
  <testcase classname="allTest.HotelsTest" name="verifyCardDetailsFields" time="0.001">
    <skipped/>
  </testcase> <!-- verifyCardDetailsFields -->
  <testcase classname="allTest.HotelsTest" name="verifyHotelSelection" time="0.000">
    <skipped/>
  </testcase> <!-- verifyHotelSelection -->
  <testcase classname="allTest.HotelsTest" name="validationOfAdultsField" time="0.000">
    <skipped/>
  </testcase> <!-- validationOfAdultsField -->
  <testcase classname="allTest.HotelsTest" name="validationOfRadioButtons" time="0.968"/>
  <testcase classname="allTest.HotelsTest" name="validationOfWhereSearchfield" time="30.875">
    <error message="Expected condition failed: waiting for presence of any elements located by By.xpath: //*[@id=&#039;downshift-1-menu&#039;]/li (tried for 30 second(s) with 500 milliseconds interval)
Build info: version: &#039;4.11.0&#039;, revision: &#039;040bc5406b&#039;
System info: os.name: &#039;Windows 11&#039;, os.arch: &#039;amd64&#039;, os.version: &#039;10.0&#039;, java.version: &#039;19.0.2&#039;
Driver info: org.openqa.selenium.chrome.ChromeDriver
Capabilities {acceptInsecureCerts: false, browserName: chrome, browserVersion: 118.0.5993.71, chrome: {chromedriverVersion: 118.0.5993.70 (e52f33f30b91..., userDataDir: C:\Windows\SystemTemp\scope...}, fedcm:accounts: true, goog:chromeOptions: {debuggerAddress: localhost:63252}, networkConnectionEnabled: false, pageLoadStrategy: normal, platformName: windows, proxy: Proxy(), se:cdp: ws://localhost:63252/devtoo..., se:cdpVersion: 118.0.5993.71, setWindowRect: true, strictFileInteractability: false, timeouts: {implicit: 0, pageLoad: 300000, script: 30000}, unhandledPromptBehavior: dismiss and notify, webauthn:extension:credBlob: true, webauthn:extension:largeBlob: true, webauthn:extension:minPinLength: true, webauthn:extension:prf: true, webauthn:virtualAuthenticators: true}
Session ID: ba9d9ee8c27176ef7542101569a63537" type="org.openqa.selenium.TimeoutException">
      <![CDATA[org.openqa.selenium.TimeoutException: Expected condition failed: waiting for presence of any elements located by By.xpath: //*[@id='downshift-1-menu']/li (tried for 30 second(s) with 500 milliseconds interval)
Build info: version: '4.11.0', revision: '040bc5406b'
System info: os.name: 'Windows 11', os.arch: 'amd64', os.version: '10.0', java.version: '19.0.2'
Driver info: org.openqa.selenium.chrome.ChromeDriver
Capabilities {acceptInsecureCerts: false, browserName: chrome, browserVersion: 118.0.5993.71, chrome: {chromedriverVersion: 118.0.5993.70 (e52f33f30b91..., userDataDir: C:\Windows\SystemTemp\scope...}, fedcm:accounts: true, goog:chromeOptions: {debuggerAddress: localhost:63252}, networkConnectionEnabled: false, pageLoadStrategy: normal, platformName: windows, proxy: Proxy(), se:cdp: ws://localhost:63252/devtoo..., se:cdpVersion: 118.0.5993.71, setWindowRect: true, strictFileInteractability: false, timeouts: {implicit: 0, pageLoad: 300000, script: 30000}, unhandledPromptBehavior: dismiss and notify, webauthn:extension:credBlob: true, webauthn:extension:largeBlob: true, webauthn:extension:minPinLength: true, webauthn:extension:prf: true, webauthn:virtualAuthenticators: true}
Session ID: ba9d9ee8c27176ef7542101569a63537
at org.openqa.selenium.support.ui.WebDriverWait.timeoutException(WebDriverWait.java:84)
at org.openqa.selenium.support.ui.FluentWait.until(FluentWait.java:230)
at pages.hotels.HotelsPage.enterLocationOfHotel(HotelsPage.java:94)
at allTest.HotelsTest.validationOfWhereSearchfield(HotelsTest.java:84)
at java.base/jdk.internal.reflect.DirectMethodHandleAccessor.invoke(DirectMethodHandleAccessor.java:104)
at java.base/java.lang.reflect.Method.invoke(Method.java:578)
at org.testng.internal.invokers.MethodInvocationHelper.invokeMethod(MethodInvocationHelper.java:139)
at org.testng.internal.invokers.TestInvoker.invokeMethod(TestInvoker.java:664)
at org.testng.internal.invokers.TestInvoker.invokeTestMethod(TestInvoker.java:227)
at org.testng.internal.invokers.MethodRunner.runInSequence(MethodRunner.java:50)
at org.testng.internal.invokers.TestInvoker$MethodInvocationAgent.invoke(TestInvoker.java:957)
at org.testng.internal.invokers.TestInvoker.invokeTestMethods(TestInvoker.java:200)
at org.testng.internal.invokers.TestMethodWorker.invokeTestMethods(TestMethodWorker.java:148)
at org.testng.internal.invokers.TestMethodWorker.run(TestMethodWorker.java:128)
at java.base/java.util.ArrayList.forEach(ArrayList.java:1511)
at org.testng.TestRunner.privateRun(TestRunner.java:848)
at org.testng.TestRunner.run(TestRunner.java:621)
at org.testng.SuiteRunner.runTest(SuiteRunner.java:443)
at org.testng.SuiteRunner$SuiteWorker.run(SuiteRunner.java:481)
at org.testng.internal.thread.ThreadUtil.lambda$execute$0(ThreadUtil.java:58)
at java.base/java.util.concurrent.FutureTask.run(FutureTask.java:317)
at java.base/java.util.concurrent.ThreadPoolExecutor.runWorker(ThreadPoolExecutor.java:1144)
at java.base/java.util.concurrent.ThreadPoolExecutor$Worker.run(ThreadPoolExecutor.java:642)
at java.base/java.lang.Thread.run(Thread.java:1589)
]]>
    </error>
  </testcase> <!-- validationOfWhereSearchfield -->
  <testcase classname="allTest.HotelsTest" name="verify0RoomAdd" time="0.000">
    <skipped/>
  </testcase> <!-- verify0RoomAdd -->
  <testcase classname="allTest.HotelsTest" name="verifyCardPaymentOption" time="0.000">
    <skipped/>
  </testcase> <!-- verifyCardPaymentOption -->
  <testcase classname="allTest.HotelsTest" name="verifySortingOptions" time="0.000">
    <skipped/>
  </testcase> <!-- verifySortingOptions -->
  <testcase classname="allTest.HotelsTest" name="verifyOfferCodeSelection" time="0.000">
    <skipped/>
  </testcase> <!-- verifyOfferCodeSelection -->
</testsuite> <!-- allTest.HotelsTest -->
