<!DOCTYPE html PUBLIC "-//W3C//DTD XHTML 1.1//EN" "https://www.w3.org/TR/xhtml11/DTD/xhtml11.dtd">
<html xmlns="https://www.w3.org/1999/xhtml">
<head>
<meta http-equiv="content-type" content="text/html; charset=UTF-8"/>
<title>TestNG Report</title>
<style type="text/css">table {margin-bottom:10px;border-collapse:collapse;empty-cells:show}th,td {border:1px solid #009;padding:.25em .5em}th {vertical-align:bottom}td {vertical-align:top}table a {font-weight:bold}.stripe td {background-color: #E6EBF9}.num {text-align:right}.passedodd td {background-color: #3F3}.passedeven td {background-color: #0A0}.skippedodd td {background-color: #DDD}.skippedeven td {background-color: #CCC}.failedodd td,.attn {background-color: #F33}.failedeven td,.stripe .attn {background-color: #D00}.stacktrace {white-space:pre;font-family:monospace}.totop {font-size:85%;text-align:center;border-bottom:2px solid #000}.invisible {display:none}</style>
</head>
<body>
<table>
<tr><th>Test</th><th># Passed</th><th># Skipped</th><th># Retried</th><th># Failed</th><th>Time (ms)</th><th>Included Groups</th><th>Excluded Groups</th></tr>
<tr><th colspan="8">Suite</th></tr>
<tr><td><a href="#t0">Test2</a></td><td class="num">2</td><td class="num">0</td><td class="num">0</td><td class="num attn">1</td><td class="num">29,447</td><td></td><td></td></tr>
<tr class="stripe"><td><a href="#t1">Test1</a></td><td class="num">2</td><td class="num attn">22</td><td class="num">0</td><td class="num attn">1</td><td class="num">47,999</td><td></td><td></td></tr>
<tr><td><a href="#t2">Test3</a></td><td class="num">6</td><td class="num attn">11</td><td class="num">0</td><td class="num attn">1</td><td class="num">56,312</td><td></td><td></td></tr>
<tr><th>Total</th><th class="num">10</th><th class="num attn">33</th><th class="num">0</th><th class="num attn">3</th><th class="num">133,758</th><th colspan="2"></th></tr>
</table>
<table id='summary'><thead><tr><th>Class</th><th>Method</th><th>Start</th><th>Time (ms)</th></tr></thead><tbody><tr><th colspan="4">Suite</th></tr></tbody><tbody id="t0"><tr><th colspan="4">Test2 &#8212; failed</th></tr><tr class="failedeven"><td rowspan="1">allTest.LoginTest</td><td><a href="#m0">signIn</a></td><td rowspan="1">1704644237210</td><td rowspan="1">15477</td></tr><tr><th colspan="4">Test2 &#8212; passed</th></tr><tr class="passedeven"><td rowspan="2">allTest.LoginTest</td><td><a href="#m1">invalidSignIn</a></td><td rowspan="2">1704644235319</td><td rowspan="2">490</td></tr><tr class="passedeven"><td><a href="#m2">invalidSignIn</a></td></tr></tbody>
<tbody id="t1"><tr><th colspan="4">Test1 &#8212; failed</th></tr><tr class="failedeven"><td rowspan="1">allTest.HotelsTest</td><td><a href="#m3">validationOfWhereSearchfield</a></td><td rowspan="1">1704644240631</td><td rowspan="1">30875</td></tr><tr><th colspan="4">Test1 &#8212; skipped</th></tr><tr class="skippedeven"><td rowspan="22">allTest.HotelsTest</td><td><a href="#m4">validateSearchCriteria</a></td><td rowspan="1">1704644271865</td><td rowspan="1">0</td></tr><tr class="skippedeven"><td><a href="#m5">validationOfAdultsField</a></td><td rowspan="1">1704644271821</td><td rowspan="1">0</td></tr><tr class="skippedeven"><td><a href="#m6">validationOfChildrenField</a></td><td rowspan="1">1704644271830</td><td rowspan="1">0</td></tr><tr class="skippedeven"><td><a href="#m7">validationOfDateFields</a></td><td rowspan="1">1704644271816</td><td rowspan="1">0</td></tr><tr class="skippedeven"><td><a href="#m8">validationOfRoomsField</a></td><td rowspan="1">1704644271825</td><td rowspan="1">1</td></tr><tr class="skippedeven"><td><a href="#m9">validationOfSearchField</a></td><td rowspan="1">1704644271843</td><td rowspan="1">0</td></tr><tr class="skippedeven"><td><a href="#m10">verify0AdultAdd</a></td><td rowspan="1">1704644271838</td><td rowspan="1">0</td></tr><tr class="skippedeven"><td><a href="#m11">verify0RoomAdd</a></td><td rowspan="1">1704644271834</td><td rowspan="1">0</td></tr><tr class="skippedeven"><td><a href="#m12">verifyCardDetailsFields</a></td><td rowspan="1">1704644271900</td><td rowspan="1">1</td></tr><tr class="skippedeven"><td><a href="#m13">verifyCardPaymentOption</a></td><td rowspan="1">1704644271892</td><td rowspan="1">0</td></tr><tr class="skippedeven"><td><a href="#m14">verifyCustomerRatingFilter</a></td><td rowspan="1">1704644271857</td><td rowspan="1">0</td></tr><tr class="skippedeven"><td><a href="#m15">verifyDetailsOnPaymentGateway</a></td><td rowspan="1">1704644271887</td><td rowspan="1">1</td></tr><tr class="skippedeven"><td><a href="#m16">verifyHotelSelection</a></td><td rowspan="1">1704644271860</td><td rowspan="1">0</td></tr><tr class="skippedeven"><td><a href="#m17">verifyOfferCodeSelection</a></td><td rowspan="1">1704644271868</td><td rowspan="1">0</td></tr><tr class="skippedeven"><td><a href="#m18">verifyPayWithoutSavingCardButton</a></td><td rowspan="1">1704644271905</td><td rowspan="1">0</td></tr><tr class="skippedeven"><td><a href="#m19">verifyPaymentButton</a></td><td rowspan="1">1704644271883</td><td rowspan="1">0</td></tr><tr class="skippedeven"><td><a href="#m20">verifyPriceFilter</a></td><td rowspan="1">1704644271854</td><td rowspan="1">0</td></tr><tr class="skippedeven"><td><a href="#m21">verifyPriceSummary</a></td><td rowspan="1">1704644271872</td><td rowspan="1">0</td></tr><tr class="skippedeven"><td><a href="#m22">verifyRequiredFields</a></td><td rowspan="1">1704644271878</td><td rowspan="1">0</td></tr><tr class="skippedeven"><td><a href="#m23">verifyRoomOptionsSelection</a></td><td rowspan="1">1704644271863</td><td rowspan="1">0</td></tr><tr class="skippedeven"><td><a href="#m24">verifySearchCriteria</a></td><td rowspan="1">1704644271846</td><td rowspan="1">1</td></tr><tr class="skippedeven"><td><a href="#m25">verifySortingOptions</a></td><td rowspan="1">1704644271850</td><td rowspan="1">0</td></tr><tr><th colspan="4">Test1 &#8212; passed</th></tr><tr class="passedeven"><td rowspan="2">allTest.HotelsTest</td><td><a href="#m26">navigateToHotelsPage</a></td><td rowspan="1">1704644231043</td><td rowspan="1">7953</td></tr><tr class="passedeven"><td><a href="#m27">validationOfRadioButtons</a></td><td rowspan="1">1704644239380</td><td rowspan="1">968</td></tr></tbody>
<tbody id="t2"><tr><th colspan="4">Test3 &#8212; failed</th></tr><tr class="failedeven"><td rowspan="1">allTest.FlightTest</td><td><a href="#m28">validationOfLowestFares</a></td><td rowspan="1">1704644241490</td><td rowspan="1">38495</td></tr><tr><th colspan="4">Test3 &#8212; skipped</th></tr><tr class="skippedeven"><td rowspan="11">allTest.FlightTest</td><td><a href="#m29">enterPassengerDetails</a></td><td rowspan="1">1704644280253</td><td rowspan="1">0</td></tr><tr class="skippedeven"><td><a href="#m30">enterTravellerDetails</a></td><td rowspan="1">1704644280235</td><td rowspan="1">0</td></tr><tr class="skippedeven"><td><a href="#m31">lowestDateSelection</a></td><td rowspan="1">1704644280232</td><td rowspan="1">0</td></tr><tr class="skippedeven"><td><a href="#m32">verifyBookBtn</a></td><td rowspan="1">1704644280245</td><td rowspan="1">0</td></tr><tr class="skippedeven"><td><a href="#m33">verifyCardDetailsFields</a></td><td rowspan="1">1704644280263</td><td rowspan="1">0</td></tr><tr class="skippedeven"><td><a href="#m34">verifyCardPaymentOption</a></td><td rowspan="1">1704644280260</td><td rowspan="1">0</td></tr><tr class="skippedeven"><td><a href="#m35">verifyFlightDetails</a></td><td rowspan="1">1704644280249</td><td rowspan="1">0</td></tr><tr class="skippedeven"><td><a href="#m36">verifyPassengerDetails</a></td><td rowspan="1">1704644280256</td><td rowspan="1">0</td></tr><tr class="skippedeven"><td><a href="#m37">verifyPayWithoutSavingCardButton</a></td><td rowspan="1">1704644280267</td><td rowspan="1">0</td></tr><tr class="skippedeven"><td><a href="#m38">verifyPriceFilter</a></td><td rowspan="1">1704644280241</td><td rowspan="1">0</td></tr><tr class="skippedeven"><td><a href="#m39">verifySearchButton</a></td><td rowspan="1">1704644280238</td><td rowspan="1">0</td></tr><tr><th colspan="4">Test3 &#8212; passed</th></tr><tr class="passedeven"><td rowspan="6">allTest.FlightTest</td><td><a href="#m40">navigateToFLightsPage</a></td><td rowspan="1">1704644235659</td><td rowspan="1">2279</td></tr><tr class="passedeven"><td><a href="#m41">verifyDateBtn</a></td><td rowspan="1">1704644241229</td><td rowspan="1">12</td></tr><tr class="passedeven"><td><a href="#m42">verifyDestinationCity</a></td><td rowspan="1">1704644240397</td><td rowspan="1">528</td></tr><tr class="passedeven"><td><a href="#m43">verifyFromTextBox</a></td><td rowspan="1">1704644238625</td><td rowspan="1">169</td></tr><tr class="passedeven"><td><a href="#m44">verifyOriginCity</a></td><td rowspan="1">1704644239138</td><td rowspan="1">550</td></tr><tr class="passedeven"><td><a href="#m45">verifyToTextBox</a></td><td rowspan="1">1704644240040</td><td rowspan="1">19</td></tr></tbody>
</table>
<h2>Test2</h2><h3 id="m0">allTest.LoginTest#signIn</h3><table class="result"><tr class="param"><th colspan=3>Attribute(s)</th></tr><tr class="param stripe"><th>#</th><th>Name</th><th>Value(s)</th></tr><tr><td>01.</td><td>passMessage</td><td>[User is logged in successfully]</td></tr><tr><th>Exception</th></tr><tr><td><div class="stacktrace">org.openqa.selenium.NoSuchElementException: no such element: Unable to locate element: {&quot;method&quot;:&quot;xpath&quot;,&quot;selector&quot;:&quot;//*[contains(@class,&apos;sc-1we57hl-0&apos;)]&quot;}
  (Session info: chrome=118.0.5993.71)
For documentation on this error, please visit: https://www.selenium.dev/documentation/webdriver/troubleshooting/errors#no-such-element-exception
Build info: version: &apos;4.11.0&apos;, revision: &apos;040bc5406b&apos;
System info: os.name: &apos;Windows 11&apos;, os.arch: &apos;amd64&apos;, os.version: &apos;10.0&apos;, java.version: &apos;19.0.2&apos;
Driver info: org.openqa.selenium.chrome.ChromeDriver
Command: [5d29aef4c59deafd82407f4e8f0f7c4c, findElement {using=xpath, value=//*[contains(@class,&apos;sc-1we57hl-0&apos;)]}]
Capabilities {acceptInsecureCerts: false, browserName: chrome, browserVersion: 118.0.5993.71, chrome: {chromedriverVersion: 118.0.5993.70 (e52f33f30b91..., userDataDir: C:\Windows\SystemTemp\scope...}, fedcm:accounts: true, goog:chromeOptions: {debuggerAddress: localhost:63253}, networkConnectionEnabled: false, pageLoadStrategy: normal, platformName: windows, proxy: Proxy(), se:cdp: ws://localhost:63253/devtoo..., se:cdpVersion: 118.0.5993.71, setWindowRect: true, strictFileInteractability: false, timeouts: {implicit: 0, pageLoad: 300000, script: 30000}, unhandledPromptBehavior: dismiss and notify, webauthn:extension:credBlob: true, webauthn:extension:largeBlob: true, webauthn:extension:minPinLength: true, webauthn:extension:prf: true, webauthn:virtualAuthenticators: true}
Session ID: 5d29aef4c59deafd82407f4e8f0f7c4c
	at org.openqa.selenium.remote.codec.w3c.W3CHttpResponseCodec.createException(W3CHttpResponseCodec.java:200)
	at org.openqa.selenium.remote.codec.w3c.W3CHttpResponseCodec.decode(W3CHttpResponseCodec.java:133)
	at org.openqa.selenium.remote.codec.w3c.W3CHttpResponseCodec.decode(W3CHttpResponseCodec.java:52)
	at org.openqa.selenium.remote.HttpCommandExecutor.execute(HttpCommandExecutor.java:191)
	at org.openqa.selenium.remote.service.DriverCommandExecutor.invokeExecute(DriverCommandExecutor.java:196)
	at org.openqa.selenium.remote.service.DriverCommandExecutor.execute(DriverCommandExecutor.java:171)
	at org.openqa.selenium.remote.RemoteWebDriver.execute(RemoteWebDriver.java:518)
	at org.openqa.selenium.remote.ElementLocation$ElementFinder$2.findElement(ElementLocation.java:165)
	at org.openqa.selenium.remote.ElementLocation.findElement(ElementLocation.java:59)
	at org.openqa.selenium.remote.RemoteWebDriver.findElement(RemoteWebDriver.java:355)
	at org.openqa.selenium.remote.RemoteWebDriver.findElement(RemoteWebDriver.java:349)
	at pages.Homepage.verifyValidLogin(Homepage.java:117)
	at allTest.LoginTest.signIn(LoginTest.java:37)
	at java.base/java.util.ArrayList.forEach(ArrayList.java:1511)
	at java.base/java.util.concurrent.FutureTask.run(FutureTask.java:317)
	at java.base/java.util.concurrent.ThreadPoolExecutor.runWorker(ThreadPoolExecutor.java:1144)
	at java.base/java.util.concurrent.ThreadPoolExecutor$Worker.run(ThreadPoolExecutor.java:642)
	at java.base/java.lang.Thread.run(Thread.java:1589)
... Removed 18 stack frames</div></td></tr></table><p class="totop"><a href="#summary">back to summary</a></p>
<h3 id="m1">allTest.LoginTest#invalidSignIn</h3><table class="result"><tr class="param"><th>Parameter #1</th></tr><tr class="param stripe"><td>1234567890</td></tr><tr class="param"><th colspan=3>Attribute(s)</th></tr><tr class="param stripe"><th>#</th><th>Name</th><th>Value(s)</th></tr><tr><td>01.</td><td>passMessage</td><td>[Proper error messaged is displayed successfully]</td></tr></table><p class="totop"><a href="#summary">back to summary</a></p>
<h3 id="m2">allTest.LoginTest#invalidSignIn</h3><table class="result"><tr class="param"><th>Parameter #1</th></tr><tr class="param stripe"><td>edf4567890</td></tr><tr class="param"><th colspan=3>Attribute(s)</th></tr><tr class="param stripe"><th>#</th><th>Name</th><th>Value(s)</th></tr><tr><td>01.</td><td>passMessage</td><td>[Proper error messaged is displayed successfully]</td></tr></table><p class="totop"><a href="#summary">back to summary</a></p>
<h2>Test1</h2><h3 id="m3">allTest.HotelsTest#validationOfWhereSearchfield</h3><table class="result"><tr class="param"><th colspan=3>Attribute(s)</th></tr><tr class="param stripe"><th>#</th><th>Name</th><th>Value(s)</th></tr><tr><td>01.</td><td>passMessage</td><td>[A dropdown is displayed showing locations in Goa and the chosen location is displayed in the &apos;Where&apos; field]</td></tr><tr><th>Exception</th></tr><tr><td><div class="stacktrace">org.openqa.selenium.TimeoutException: Expected condition failed: waiting for presence of any elements located by By.xpath: //*[@id=&apos;downshift-1-menu&apos;]/li (tried for 30 second(s) with 500 milliseconds interval)
Build info: version: &apos;4.11.0&apos;, revision: &apos;040bc5406b&apos;
System info: os.name: &apos;Windows 11&apos;, os.arch: &apos;amd64&apos;, os.version: &apos;10.0&apos;, java.version: &apos;19.0.2&apos;
Driver info: org.openqa.selenium.chrome.ChromeDriver
Capabilities {acceptInsecureCerts: false, browserName: chrome, browserVersion: 118.0.5993.71, chrome: {chromedriverVersion: 118.0.5993.70 (e52f33f30b91..., userDataDir: C:\Windows\SystemTemp\scope...}, fedcm:accounts: true, goog:chromeOptions: {debuggerAddress: localhost:63252}, networkConnectionEnabled: false, pageLoadStrategy: normal, platformName: windows, proxy: Proxy(), se:cdp: ws://localhost:63252/devtoo..., se:cdpVersion: 118.0.5993.71, setWindowRect: true, strictFileInteractability: false, timeouts: {implicit: 0, pageLoad: 300000, script: 30000}, unhandledPromptBehavior: dismiss and notify, webauthn:extension:credBlob: true, webauthn:extension:largeBlob: true, webauthn:extension:minPinLength: true, webauthn:extension:prf: true, webauthn:virtualAuthenticators: true}
Session ID: ba9d9ee8c27176ef7542101569a63537
	at org.openqa.selenium.support.ui.WebDriverWait.timeoutException(WebDriverWait.java:84)
	at org.openqa.selenium.support.ui.FluentWait.until(FluentWait.java:230)
	at pages.hotels.HotelsPage.enterLocationOfHotel(HotelsPage.java:94)
	at allTest.HotelsTest.validationOfWhereSearchfield(HotelsTest.java:84)
	at java.base/java.util.ArrayList.forEach(ArrayList.java:1511)
	at java.base/java.util.concurrent.FutureTask.run(FutureTask.java:317)
	at java.base/java.util.concurrent.ThreadPoolExecutor.runWorker(ThreadPoolExecutor.java:1144)
	at java.base/java.util.concurrent.ThreadPoolExecutor$Worker.run(ThreadPoolExecutor.java:642)
	at java.base/java.lang.Thread.run(Thread.java:1589)
... Removed 15 stack frames</div></td></tr></table><p class="totop"><a href="#summary">back to summary</a></p>
<h3 id="m4">allTest.HotelsTest#validateSearchCriteria</h3><table class="result"><tr class="param"><th colspan=3>Attribute(s)</th></tr><tr class="param stripe"><th>#</th><th>Name</th><th>Value(s)</th></tr><tr><td>01.</td><td>passMessage</td><td>[The search criteria displayed matches with the search criteria used for the searching the hotel]</td></tr><tr><th>Exception</th></tr><tr><td><div class="stacktrace">java.lang.Throwable: Method allTest.HotelsTest.validateSearchCriteria() on instance allTest.HotelsTest@1ff4931d depends on not successfully finished methods 
[allTest.HotelsTest.verifyRoomOptionsSelection() on instance allTest.HotelsTest@1ff4931d]
	at java.base/java.util.ArrayList.forEach(ArrayList.java:1511)
	at java.base/java.util.concurrent.FutureTask.run(FutureTask.java:317)
	at java.base/java.util.concurrent.ThreadPoolExecutor.runWorker(ThreadPoolExecutor.java:1144)
	at java.base/java.util.concurrent.ThreadPoolExecutor$Worker.run(ThreadPoolExecutor.java:642)
	at java.base/java.lang.Thread.run(Thread.java:1589)
... Removed 8 stack frames</div></td></tr></table><p class="totop"><a href="#summary">back to summary</a></p>
<h3 id="m5">allTest.HotelsTest#validationOfAdultsField</h3><table class="result"><tr class="param"><th colspan=3>Attribute(s)</th></tr><tr class="param stripe"><th>#</th><th>Name</th><th>Value(s)</th></tr><tr><td>01.</td><td>passMessage</td><td>[The dropdown menu appears and the selected number of adults is displayed in the field]</td></tr><tr><th>Exception</th></tr><tr><td><div class="stacktrace">java.lang.Throwable: Method allTest.HotelsTest.validationOfAdultsField() on instance allTest.HotelsTest@1ff4931d depends on not successfully finished methods 
[allTest.HotelsTest.validationOfDateFields() on instance allTest.HotelsTest@1ff4931d]
	at java.base/java.util.ArrayList.forEach(ArrayList.java:1511)
	at java.base/java.util.concurrent.FutureTask.run(FutureTask.java:317)
	at java.base/java.util.concurrent.ThreadPoolExecutor.runWorker(ThreadPoolExecutor.java:1144)
	at java.base/java.util.concurrent.ThreadPoolExecutor$Worker.run(ThreadPoolExecutor.java:642)
	at java.base/java.lang.Thread.run(Thread.java:1589)
... Removed 8 stack frames</div></td></tr></table><p class="totop"><a href="#summary">back to summary</a></p>
<h3 id="m6">allTest.HotelsTest#validationOfChildrenField</h3><table class="result"><tr class="param"><th colspan=3>Attribute(s)</th></tr><tr class="param stripe"><th>#</th><th>Name</th><th>Value(s)</th></tr><tr><td>01.</td><td>passMessage</td><td>[The dropdown menu appears and the selected number of children is added and the age is able to gets selected for each of them]</td></tr><tr><th>Exception</th></tr><tr><td><div class="stacktrace">java.lang.Throwable: Method allTest.HotelsTest.validationOfChildrenField() on instance allTest.HotelsTest@1ff4931d depends on not successfully finished methods 
[allTest.HotelsTest.validationOfAdultsField() on instance allTest.HotelsTest@1ff4931d]
	at java.base/java.util.ArrayList.forEach(ArrayList.java:1511)
	at java.base/java.util.concurrent.FutureTask.run(FutureTask.java:317)
	at java.base/java.util.concurrent.ThreadPoolExecutor.runWorker(ThreadPoolExecutor.java:1144)
	at java.base/java.util.concurrent.ThreadPoolExecutor$Worker.run(ThreadPoolExecutor.java:642)
	at java.base/java.lang.Thread.run(Thread.java:1589)
... Removed 8 stack frames</div></td></tr></table><p class="totop"><a href="#summary">back to summary</a></p>
<h3 id="m7">allTest.HotelsTest#validationOfDateFields</h3><table class="result"><tr class="param"><th colspan=3>Attribute(s)</th></tr><tr class="param stripe"><th>#</th><th>Name</th><th>Value(s)</th></tr><tr><td>01.</td><td>passMessage</td><td>[The calender box appears and the selected &apos;Check In&apos; and &apos;Check Out&apos; dates is displayed in the respective fields]</td></tr><tr><th>Exception</th></tr><tr><td><div class="stacktrace">java.lang.Throwable: Method allTest.HotelsTest.validationOfDateFields() on instance allTest.HotelsTest@1ff4931d depends on not successfully finished methods 
[allTest.HotelsTest.validationOfWhereSearchfield() on instance allTest.HotelsTest@1ff4931d]
	at java.base/java.util.ArrayList.forEach(ArrayList.java:1511)
	at java.base/java.util.concurrent.FutureTask.run(FutureTask.java:317)
	at java.base/java.util.concurrent.ThreadPoolExecutor.runWorker(ThreadPoolExecutor.java:1144)
	at java.base/java.util.concurrent.ThreadPoolExecutor$Worker.run(ThreadPoolExecutor.java:642)
	at java.base/java.lang.Thread.run(Thread.java:1589)
... Removed 8 stack frames</div></td></tr></table><p class="totop"><a href="#summary">back to summary</a></p>
<h3 id="m8">allTest.HotelsTest#validationOfRoomsField</h3><table class="result"><tr class="param"><th colspan=3>Attribute(s)</th></tr><tr class="param stripe"><th>#</th><th>Name</th><th>Value(s)</th></tr><tr><td>01.</td><td>passMessage</td><td>[The dropdown menu appears and the selected number of rooms is displayed in the field]</td></tr><tr><th>Exception</th></tr><tr><td><div class="stacktrace">java.lang.Throwable: Method allTest.HotelsTest.validationOfRoomsField() on instance allTest.HotelsTest@1ff4931d depends on not successfully finished methods 
[allTest.HotelsTest.validationOfDateFields() on instance allTest.HotelsTest@1ff4931d]
	at java.base/java.util.ArrayList.forEach(ArrayList.java:1511)
	at java.base/java.util.concurrent.FutureTask.run(FutureTask.java:317)
	at java.base/java.util.concurrent.ThreadPoolExecutor.runWorker(ThreadPoolExecutor.java:1144)
	at java.base/java.util.concurrent.ThreadPoolExecutor$Worker.run(ThreadPoolExecutor.java:642)
	at java.base/java.lang.Thread.run(Thread.java:1589)
... Removed 8 stack frames</div></td></tr></table><p class="totop"><a href="#summary">back to summary</a></p>
<h3 id="m9">allTest.HotelsTest#validationOfSearchField</h3><table class="result"><tr class="param"><th colspan=3>Attribute(s)</th></tr><tr class="param stripe"><th>#</th><th>Name</th><th>Value(s)</th></tr><tr><td>01.</td><td>passMessage</td><td>[User is redirected to hotels list webpage]</td></tr><tr><th>Exception</th></tr><tr><td><div class="stacktrace">java.lang.Throwable: Method allTest.HotelsTest.validationOfSearchField() on instance allTest.HotelsTest@1ff4931d depends on not successfully finished methods 
[allTest.HotelsTest.verify0AdultAdd() on instance allTest.HotelsTest@1ff4931d]
	at java.base/java.util.ArrayList.forEach(ArrayList.java:1511)
	at java.base/java.util.concurrent.FutureTask.run(FutureTask.java:317)
	at java.base/java.util.concurrent.ThreadPoolExecutor.runWorker(ThreadPoolExecutor.java:1144)
	at java.base/java.util.concurrent.ThreadPoolExecutor$Worker.run(ThreadPoolExecutor.java:642)
	at java.base/java.lang.Thread.run(Thread.java:1589)
... Removed 8 stack frames</div></td></tr></table><p class="totop"><a href="#summary">back to summary</a></p>
<h3 id="m10">allTest.HotelsTest#verify0AdultAdd</h3><table class="result"><tr class="param"><th colspan=3>Attribute(s)</th></tr><tr class="param stripe"><th>#</th><th>Name</th><th>Value(s)</th></tr><tr><td>01.</td><td>passMessage</td><td>[The alert is displayed and &apos;Minimum 1 adult is required&apos; message is displayed]</td></tr><tr><th>Exception</th></tr><tr><td><div class="stacktrace">java.lang.Throwable: Method allTest.HotelsTest.verify0AdultAdd() on instance allTest.HotelsTest@1ff4931d depends on not successfully finished methods 
[allTest.HotelsTest.verify0RoomAdd() on instance allTest.HotelsTest@1ff4931d]
	at java.base/java.util.ArrayList.forEach(ArrayList.java:1511)
	at java.base/java.util.concurrent.FutureTask.run(FutureTask.java:317)
	at java.base/java.util.concurrent.ThreadPoolExecutor.runWorker(ThreadPoolExecutor.java:1144)
	at java.base/java.util.concurrent.ThreadPoolExecutor$Worker.run(ThreadPoolExecutor.java:642)
	at java.base/java.lang.Thread.run(Thread.java:1589)
... Removed 8 stack frames</div></td></tr></table><p class="totop"><a href="#summary">back to summary</a></p>
<h3 id="m11">allTest.HotelsTest#verify0RoomAdd</h3><table class="result"><tr class="param"><th colspan=3>Attribute(s)</th></tr><tr class="param stripe"><th>#</th><th>Name</th><th>Value(s)</th></tr><tr><td>01.</td><td>passMessage</td><td>[The alert is displayed and &apos;Minimum 1 is required&apos; message is displayed]</td></tr><tr><th>Exception</th></tr><tr><td><div class="stacktrace">java.lang.Throwable: Method allTest.HotelsTest.verify0RoomAdd() on instance allTest.HotelsTest@1ff4931d depends on not successfully finished methods 
[allTest.HotelsTest.validationOfChildrenField() on instance allTest.HotelsTest@1ff4931d]
	at java.base/java.util.ArrayList.forEach(ArrayList.java:1511)
	at java.base/java.util.concurrent.FutureTask.run(FutureTask.java:317)
	at java.base/java.util.concurrent.ThreadPoolExecutor.runWorker(ThreadPoolExecutor.java:1144)
	at java.base/java.util.concurrent.ThreadPoolExecutor$Worker.run(ThreadPoolExecutor.java:642)
	at java.base/java.lang.Thread.run(Thread.java:1589)
... Removed 8 stack frames</div></td></tr></table><p class="totop"><a href="#summary">back to summary</a></p>
<h3 id="m12">allTest.HotelsTest#verifyCardDetailsFields</h3><table class="result"><tr class="param"><th colspan=3>Attribute(s)</th></tr><tr class="param stripe"><th>#</th><th>Name</th><th>Value(s)</th></tr><tr><td>01.</td><td>passMessage</td><td>[User is able to enter all required details]</td></tr><tr><th>Exception</th></tr><tr><td><div class="stacktrace">java.lang.Throwable: Method allTest.HotelsTest.verifyCardDetailsFields() on instance allTest.HotelsTest@1ff4931d depends on not successfully finished methods 
[allTest.HotelsTest.verifyCardPaymentOption() on instance allTest.HotelsTest@1ff4931d]
	at java.base/java.util.ArrayList.forEach(ArrayList.java:1511)
	at java.base/java.util.concurrent.FutureTask.run(FutureTask.java:317)
	at java.base/java.util.concurrent.ThreadPoolExecutor.runWorker(ThreadPoolExecutor.java:1144)
	at java.base/java.util.concurrent.ThreadPoolExecutor$Worker.run(ThreadPoolExecutor.java:642)
	at java.base/java.lang.Thread.run(Thread.java:1589)
... Removed 8 stack frames</div></td></tr></table><p class="totop"><a href="#summary">back to summary</a></p>
<h3 id="m13">allTest.HotelsTest#verifyCardPaymentOption</h3><table class="result"><tr class="param"><th colspan=3>Attribute(s)</th></tr><tr class="param stripe"><th>#</th><th>Name</th><th>Value(s)</th></tr><tr><td>01.</td><td>passMessage</td><td>[Enter card details message is displayed]</td></tr><tr><th>Exception</th></tr><tr><td><div class="stacktrace">java.lang.Throwable: Method allTest.HotelsTest.verifyCardPaymentOption() on instance allTest.HotelsTest@1ff4931d depends on not successfully finished methods 
[allTest.HotelsTest.verifyDetailsOnPaymentGateway() on instance allTest.HotelsTest@1ff4931d]
	at java.base/java.util.ArrayList.forEach(ArrayList.java:1511)
	at java.base/java.util.concurrent.FutureTask.run(FutureTask.java:317)
	at java.base/java.util.concurrent.ThreadPoolExecutor.runWorker(ThreadPoolExecutor.java:1144)
	at java.base/java.util.concurrent.ThreadPoolExecutor$Worker.run(ThreadPoolExecutor.java:642)
	at java.base/java.lang.Thread.run(Thread.java:1589)
... Removed 8 stack frames</div></td></tr></table><p class="totop"><a href="#summary">back to summary</a></p>
<h3 id="m14">allTest.HotelsTest#verifyCustomerRatingFilter</h3><table class="result"><tr class="param"><th colspan=3>Attribute(s)</th></tr><tr class="param stripe"><th>#</th><th>Name</th><th>Value(s)</th></tr><tr><td>01.</td><td>passMessage</td><td>[The hotel results shows the hotels having rating above 4]</td></tr><tr><th>Exception</th></tr><tr><td><div class="stacktrace">java.lang.Throwable: Method allTest.HotelsTest.verifyCustomerRatingFilter() on instance allTest.HotelsTest@1ff4931d depends on not successfully finished methods 
[allTest.HotelsTest.verifyPriceFilter() on instance allTest.HotelsTest@1ff4931d]
	at java.base/java.util.ArrayList.forEach(ArrayList.java:1511)
	at java.base/java.util.concurrent.FutureTask.run(FutureTask.java:317)
	at java.base/java.util.concurrent.ThreadPoolExecutor.runWorker(ThreadPoolExecutor.java:1144)
	at java.base/java.util.concurrent.ThreadPoolExecutor$Worker.run(ThreadPoolExecutor.java:642)
	at java.base/java.lang.Thread.run(Thread.java:1589)
... Removed 8 stack frames</div></td></tr></table><p class="totop"><a href="#summary">back to summary</a></p>
<h3 id="m15">allTest.HotelsTest#verifyDetailsOnPaymentGateway</h3><table class="result"><tr class="param"><th colspan=3>Attribute(s)</th></tr><tr class="param stripe"><th>#</th><th>Name</th><th>Value(s)</th></tr><tr><td>01.</td><td>passMessage</td><td>[All the details displayed is correct]</td></tr><tr><th>Exception</th></tr><tr><td><div class="stacktrace">java.lang.Throwable: Method allTest.HotelsTest.verifyDetailsOnPaymentGateway() on instance allTest.HotelsTest@1ff4931d depends on not successfully finished methods 
[allTest.HotelsTest.verifyPaymentButton() on instance allTest.HotelsTest@1ff4931d]
	at java.base/java.util.ArrayList.forEach(ArrayList.java:1511)
	at java.base/java.util.concurrent.FutureTask.run(FutureTask.java:317)
	at java.base/java.util.concurrent.ThreadPoolExecutor.runWorker(ThreadPoolExecutor.java:1144)
	at java.base/java.util.concurrent.ThreadPoolExecutor$Worker.run(ThreadPoolExecutor.java:642)
	at java.base/java.lang.Thread.run(Thread.java:1589)
... Removed 8 stack frames</div></td></tr></table><p class="totop"><a href="#summary">back to summary</a></p>
<h3 id="m16">allTest.HotelsTest#verifyHotelSelection</h3><table class="result"><tr class="param"><th colspan=3>Attribute(s)</th></tr><tr class="param stripe"><th>#</th><th>Name</th><th>Value(s)</th></tr><tr><td>01.</td><td>passMessage</td><td>[User is redirected to that specific hotel webpage to choose room type]</td></tr><tr><th>Exception</th></tr><tr><td><div class="stacktrace">java.lang.Throwable: Method allTest.HotelsTest.verifyHotelSelection() on instance allTest.HotelsTest@1ff4931d depends on not successfully finished methods 
[allTest.HotelsTest.verifyCustomerRatingFilter() on instance allTest.HotelsTest@1ff4931d]
	at java.base/java.util.ArrayList.forEach(ArrayList.java:1511)
	at java.base/java.util.concurrent.FutureTask.run(FutureTask.java:317)
	at java.base/java.util.concurrent.ThreadPoolExecutor.runWorker(ThreadPoolExecutor.java:1144)
	at java.base/java.util.concurrent.ThreadPoolExecutor$Worker.run(ThreadPoolExecutor.java:642)
	at java.base/java.lang.Thread.run(Thread.java:1589)
... Removed 8 stack frames</div></td></tr></table><p class="totop"><a href="#summary">back to summary</a></p>
<h3 id="m17">allTest.HotelsTest#verifyOfferCodeSelection</h3><table class="result"><tr class="param"><th colspan=3>Attribute(s)</th></tr><tr class="param stripe"><th>#</th><th>Name</th><th>Value(s)</th></tr><tr><td>01.</td><td>passMessage</td><td>[The selected offer code gets selected and highlighted and the offer code is applied in the price summary]</td></tr><tr><th>Exception</th></tr><tr><td><div class="stacktrace">java.lang.Throwable: Method allTest.HotelsTest.verifyOfferCodeSelection() on instance allTest.HotelsTest@1ff4931d depends on not successfully finished methods 
[allTest.HotelsTest.validateSearchCriteria() on instance allTest.HotelsTest@1ff4931d]
	at java.base/java.util.ArrayList.forEach(ArrayList.java:1511)
	at java.base/java.util.concurrent.FutureTask.run(FutureTask.java:317)
	at java.base/java.util.concurrent.ThreadPoolExecutor.runWorker(ThreadPoolExecutor.java:1144)
	at java.base/java.util.concurrent.ThreadPoolExecutor$Worker.run(ThreadPoolExecutor.java:642)
	at java.base/java.lang.Thread.run(Thread.java:1589)
... Removed 8 stack frames</div></td></tr></table><p class="totop"><a href="#summary">back to summary</a></p>
<h3 id="m18">allTest.HotelsTest#verifyPayWithoutSavingCardButton</h3><table class="result"><tr class="param"><th colspan=3>Attribute(s)</th></tr><tr class="param stripe"><th>#</th><th>Name</th><th>Value(s)</th></tr><tr><td>01.</td><td>passMessage</td><td>[Error message is displayed as &apos;We are unable to process transactions for this user/card&apos;]</td></tr><tr><th>Exception</th></tr><tr><td><div class="stacktrace">java.lang.Throwable: Method allTest.HotelsTest.verifyPayWithoutSavingCardButton() on instance allTest.HotelsTest@1ff4931d depends on not successfully finished methods 
[allTest.HotelsTest.verifyCardDetailsFields() on instance allTest.HotelsTest@1ff4931d]
	at java.base/java.util.ArrayList.forEach(ArrayList.java:1511)
	at java.base/java.util.concurrent.FutureTask.run(FutureTask.java:317)
	at java.base/java.util.concurrent.ThreadPoolExecutor.runWorker(ThreadPoolExecutor.java:1144)
	at java.base/java.util.concurrent.ThreadPoolExecutor$Worker.run(ThreadPoolExecutor.java:642)
	at java.base/java.lang.Thread.run(Thread.java:1589)
... Removed 8 stack frames</div></td></tr></table><p class="totop"><a href="#summary">back to summary</a></p>
<h3 id="m19">allTest.HotelsTest#verifyPaymentButton</h3><table class="result"><tr class="param"><th colspan=3>Attribute(s)</th></tr><tr class="param stripe"><th>#</th><th>Name</th><th>Value(s)</th></tr><tr><td>01.</td><td>passMessage</td><td>[User is redirected to payment gateway to complete the payment]</td></tr><tr><th>Exception</th></tr><tr><td><div class="stacktrace">java.lang.Throwable: Method allTest.HotelsTest.verifyPaymentButton() on instance allTest.HotelsTest@1ff4931d depends on not successfully finished methods 
[allTest.HotelsTest.verifyRequiredFields() on instance allTest.HotelsTest@1ff4931d]
	at java.base/java.util.ArrayList.forEach(ArrayList.java:1511)
	at java.base/java.util.concurrent.FutureTask.run(FutureTask.java:317)
	at java.base/java.util.concurrent.ThreadPoolExecutor.runWorker(ThreadPoolExecutor.java:1144)
	at java.base/java.util.concurrent.ThreadPoolExecutor$Worker.run(ThreadPoolExecutor.java:642)
	at java.base/java.lang.Thread.run(Thread.java:1589)
... Removed 8 stack frames</div></td></tr></table><p class="totop"><a href="#summary">back to summary</a></p>
<h3 id="m20">allTest.HotelsTest#verifyPriceFilter</h3><table class="result"><tr class="param"><th colspan=3>Attribute(s)</th></tr><tr class="param stripe"><th>#</th><th>Name</th><th>Value(s)</th></tr><tr><td>01.</td><td>passMessage</td><td>[The hotel results shows the hotels having amount between 2001 and 4000]</td></tr><tr><th>Exception</th></tr><tr><td><div class="stacktrace">java.lang.Throwable: Method allTest.HotelsTest.verifyPriceFilter() on instance allTest.HotelsTest@1ff4931d depends on not successfully finished methods 
[allTest.HotelsTest.verifySortingOptions() on instance allTest.HotelsTest@1ff4931d]
	at java.base/java.util.ArrayList.forEach(ArrayList.java:1511)
	at java.base/java.util.concurrent.FutureTask.run(FutureTask.java:317)
	at java.base/java.util.concurrent.ThreadPoolExecutor.runWorker(ThreadPoolExecutor.java:1144)
	at java.base/java.util.concurrent.ThreadPoolExecutor$Worker.run(ThreadPoolExecutor.java:642)
	at java.base/java.lang.Thread.run(Thread.java:1589)
... Removed 8 stack frames</div></td></tr></table><p class="totop"><a href="#summary">back to summary</a></p>
<h3 id="m21">allTest.HotelsTest#verifyPriceSummary</h3><table class="result"><tr class="param"><th colspan=3>Attribute(s)</th></tr><tr class="param stripe"><th>#</th><th>Name</th><th>Value(s)</th></tr><tr><td>01.</td><td>passMessage</td><td>[The price summary is correct based on the data displayed in the Room Booking page]</td></tr><tr><th>Exception</th></tr><tr><td><div class="stacktrace">java.lang.Throwable: Method allTest.HotelsTest.verifyPriceSummary() on instance allTest.HotelsTest@1ff4931d depends on not successfully finished methods 
[allTest.HotelsTest.verifyOfferCodeSelection() on instance allTest.HotelsTest@1ff4931d]
	at java.base/java.util.ArrayList.forEach(ArrayList.java:1511)
	at java.base/java.util.concurrent.FutureTask.run(FutureTask.java:317)
	at java.base/java.util.concurrent.ThreadPoolExecutor.runWorker(ThreadPoolExecutor.java:1144)
	at java.base/java.util.concurrent.ThreadPoolExecutor$Worker.run(ThreadPoolExecutor.java:642)
	at java.base/java.lang.Thread.run(Thread.java:1589)
... Removed 8 stack frames</div></td></tr></table><p class="totop"><a href="#summary">back to summary</a></p>
<h3 id="m22">allTest.HotelsTest#verifyRequiredFields</h3><table class="result"><tr class="param"><th colspan=3>Attribute(s)</th></tr><tr class="param stripe"><th>#</th><th>Name</th><th>Value(s)</th></tr><tr><td>01.</td><td>passMessage</td><td>[User is able to fill details in the required fields]</td></tr><tr><th>Exception</th></tr><tr><td><div class="stacktrace">java.lang.Throwable: Method allTest.HotelsTest.verifyRequiredFields() on instance allTest.HotelsTest@1ff4931d depends on not successfully finished methods 
[allTest.HotelsTest.verifyPriceSummary() on instance allTest.HotelsTest@1ff4931d]
	at java.base/java.util.ArrayList.forEach(ArrayList.java:1511)
	at java.base/java.util.concurrent.FutureTask.run(FutureTask.java:317)
	at java.base/java.util.concurrent.ThreadPoolExecutor.runWorker(ThreadPoolExecutor.java:1144)
	at java.base/java.util.concurrent.ThreadPoolExecutor$Worker.run(ThreadPoolExecutor.java:642)
	at java.base/java.lang.Thread.run(Thread.java:1589)
... Removed 8 stack frames</div></td></tr></table><p class="totop"><a href="#summary">back to summary</a></p>
<h3 id="m23">allTest.HotelsTest#verifyRoomOptionsSelection</h3><table class="result"><tr class="param"><th colspan=3>Attribute(s)</th></tr><tr class="param stripe"><th>#</th><th>Name</th><th>Value(s)</th></tr><tr><td>01.</td><td>passMessage</td><td>[User is redirected to Room Info webpage]</td></tr><tr><th>Exception</th></tr><tr><td><div class="stacktrace">java.lang.Throwable: Method allTest.HotelsTest.verifyRoomOptionsSelection() on instance allTest.HotelsTest@1ff4931d depends on not successfully finished methods 
[allTest.HotelsTest.verifyHotelSelection() on instance allTest.HotelsTest@1ff4931d]
	at java.base/java.util.ArrayList.forEach(ArrayList.java:1511)
	at java.base/java.util.concurrent.FutureTask.run(FutureTask.java:317)
	at java.base/java.util.concurrent.ThreadPoolExecutor.runWorker(ThreadPoolExecutor.java:1144)
	at java.base/java.util.concurrent.ThreadPoolExecutor$Worker.run(ThreadPoolExecutor.java:642)
	at java.base/java.lang.Thread.run(Thread.java:1589)
... Removed 8 stack frames</div></td></tr></table><p class="totop"><a href="#summary">back to summary</a></p>
<h3 id="m24">allTest.HotelsTest#verifySearchCriteria</h3><table class="result"><tr class="param"><th colspan=3>Attribute(s)</th></tr><tr class="param stripe"><th>#</th><th>Name</th><th>Value(s)</th></tr><tr><td>01.</td><td>passMessage</td><td>[The details displayed in the hotel results page matches with the details used to search the hotels]</td></tr><tr><th>Exception</th></tr><tr><td><div class="stacktrace">java.lang.Throwable: Method allTest.HotelsTest.verifySearchCriteria() on instance allTest.HotelsTest@1ff4931d depends on not successfully finished methods 
[allTest.HotelsTest.validationOfSearchField() on instance allTest.HotelsTest@1ff4931d]
	at java.base/java.util.ArrayList.forEach(ArrayList.java:1511)
	at java.base/java.util.concurrent.FutureTask.run(FutureTask.java:317)
	at java.base/java.util.concurrent.ThreadPoolExecutor.runWorker(ThreadPoolExecutor.java:1144)
	at java.base/java.util.concurrent.ThreadPoolExecutor$Worker.run(ThreadPoolExecutor.java:642)
	at java.base/java.lang.Thread.run(Thread.java:1589)
... Removed 8 stack frames</div></td></tr></table><p class="totop"><a href="#summary">back to summary</a></p>
<h3 id="m25">allTest.HotelsTest#verifySortingOptions</h3><table class="result"><tr class="param"><th colspan=3>Attribute(s)</th></tr><tr class="param stripe"><th>#</th><th>Name</th><th>Value(s)</th></tr><tr><td>01.</td><td>passMessage</td><td>[The hotels displayed are sorted correctly]</td></tr><tr><th>Exception</th></tr><tr><td><div class="stacktrace">java.lang.Throwable: Method allTest.HotelsTest.verifySortingOptions() on instance allTest.HotelsTest@1ff4931d depends on not successfully finished methods 
[allTest.HotelsTest.verifySearchCriteria() on instance allTest.HotelsTest@1ff4931d]
	at java.base/java.util.ArrayList.forEach(ArrayList.java:1511)
	at java.base/java.util.concurrent.FutureTask.run(FutureTask.java:317)
	at java.base/java.util.concurrent.ThreadPoolExecutor.runWorker(ThreadPoolExecutor.java:1144)
	at java.base/java.util.concurrent.ThreadPoolExecutor$Worker.run(ThreadPoolExecutor.java:642)
	at java.base/java.lang.Thread.run(Thread.java:1589)
... Removed 8 stack frames</div></td></tr></table><p class="totop"><a href="#summary">back to summary</a></p>
<h3 id="m26">allTest.HotelsTest#navigateToHotelsPage</h3><table class="result"><tr class="param"><th colspan=3>Attribute(s)</th></tr><tr class="param stripe"><th>#</th><th>Name</th><th>Value(s)</th></tr><tr><td>01.</td><td>passMessage</td><td>[User is redirected to Hotels web page]</td></tr><tr><th class="invisible"/></tr></table><p class="totop"><a href="#summary">back to summary</a></p>
<h3 id="m27">allTest.HotelsTest#validationOfRadioButtons</h3><table class="result"><tr class="param"><th colspan=3>Attribute(s)</th></tr><tr class="param stripe"><th>#</th><th>Name</th><th>Value(s)</th></tr><tr><td>01.</td><td>passMessage</td><td>[India radio button is selected]</td></tr><tr><th class="invisible"/></tr></table><p class="totop"><a href="#summary">back to summary</a></p>
<h2>Test3</h2><h3 id="m28">allTest.FlightTest#validationOfLowestFares</h3><table class="result"><tr><th>Exception</th></tr><tr><td><div class="stacktrace">java.lang.NullPointerException: Cannot invoke &quot;org.openqa.selenium.WebDriver.navigate()&quot; because &quot;this.driver&quot; is null
	at allTest.FlightTest.validationOfLowestFares(FlightTest.java:74)
	at java.base/java.util.ArrayList.forEach(ArrayList.java:1511)
	at java.base/java.util.concurrent.FutureTask.run(FutureTask.java:317)
	at java.base/java.util.concurrent.ThreadPoolExecutor.runWorker(ThreadPoolExecutor.java:1144)
	at java.base/java.util.concurrent.ThreadPoolExecutor$Worker.run(ThreadPoolExecutor.java:642)
	at java.base/java.lang.Thread.run(Thread.java:1589)
... Removed 15 stack frames</div></td></tr></table><p class="totop"><a href="#summary">back to summary</a></p>
<h3 id="m29">allTest.FlightTest#enterPassengerDetails</h3><table class="result"><tr><th>Exception</th></tr><tr><td><div class="stacktrace">java.lang.Throwable: Method allTest.FlightTest.enterPassengerDetails() on instance allTest.FlightTest@63070bab depends on not successfully finished methods 
[allTest.FlightTest.verifyFlightDetails() on instance allTest.FlightTest@63070bab]
	at java.base/java.util.ArrayList.forEach(ArrayList.java:1511)
	at java.base/java.util.concurrent.FutureTask.run(FutureTask.java:317)
	at java.base/java.util.concurrent.ThreadPoolExecutor.runWorker(ThreadPoolExecutor.java:1144)
	at java.base/java.util.concurrent.ThreadPoolExecutor$Worker.run(ThreadPoolExecutor.java:642)
	at java.base/java.lang.Thread.run(Thread.java:1589)
... Removed 8 stack frames</div></td></tr></table><p class="totop"><a href="#summary">back to summary</a></p>
<h3 id="m30">allTest.FlightTest#enterTravellerDetails</h3><table class="result"><tr><th>Exception</th></tr><tr><td><div class="stacktrace">java.lang.Throwable: Method allTest.FlightTest.enterTravellerDetails() on instance allTest.FlightTest@63070bab depends on not successfully finished methods 
[allTest.FlightTest.lowestDateSelection() on instance allTest.FlightTest@63070bab]
	at java.base/java.util.ArrayList.forEach(ArrayList.java:1511)
	at java.base/java.util.concurrent.FutureTask.run(FutureTask.java:317)
	at java.base/java.util.concurrent.ThreadPoolExecutor.runWorker(ThreadPoolExecutor.java:1144)
	at java.base/java.util.concurrent.ThreadPoolExecutor$Worker.run(ThreadPoolExecutor.java:642)
	at java.base/java.lang.Thread.run(Thread.java:1589)
... Removed 8 stack frames</div></td></tr></table><p class="totop"><a href="#summary">back to summary</a></p>
<h3 id="m31">allTest.FlightTest#lowestDateSelection</h3><table class="result"><tr><th>Exception</th></tr><tr><td><div class="stacktrace">java.lang.Throwable: Method allTest.FlightTest.lowestDateSelection() on instance allTest.FlightTest@63070bab depends on not successfully finished methods 
[allTest.FlightTest.validationOfLowestFares() on instance allTest.FlightTest@63070bab]
	at java.base/java.util.ArrayList.forEach(ArrayList.java:1511)
	at java.base/java.util.concurrent.FutureTask.run(FutureTask.java:317)
	at java.base/java.util.concurrent.ThreadPoolExecutor.runWorker(ThreadPoolExecutor.java:1144)
	at java.base/java.util.concurrent.ThreadPoolExecutor$Worker.run(ThreadPoolExecutor.java:642)
	at java.base/java.lang.Thread.run(Thread.java:1589)
... Removed 8 stack frames</div></td></tr></table><p class="totop"><a href="#summary">back to summary</a></p>
<h3 id="m32">allTest.FlightTest#verifyBookBtn</h3><table class="result"><tr><th>Exception</th></tr><tr><td><div class="stacktrace">java.lang.Throwable: Method allTest.FlightTest.verifyBookBtn() on instance allTest.FlightTest@63070bab depends on not successfully finished methods 
[allTest.FlightTest.verifyPriceFilter() on instance allTest.FlightTest@63070bab]
	at java.base/java.util.ArrayList.forEach(ArrayList.java:1511)
	at java.base/java.util.concurrent.FutureTask.run(FutureTask.java:317)
	at java.base/java.util.concurrent.ThreadPoolExecutor.runWorker(ThreadPoolExecutor.java:1144)
	at java.base/java.util.concurrent.ThreadPoolExecutor$Worker.run(ThreadPoolExecutor.java:642)
	at java.base/java.lang.Thread.run(Thread.java:1589)
... Removed 8 stack frames</div></td></tr></table><p class="totop"><a href="#summary">back to summary</a></p>
<h3 id="m33">allTest.FlightTest#verifyCardDetailsFields</h3><table class="result"><tr><th>Exception</th></tr><tr><td><div class="stacktrace">java.lang.Throwable: Method allTest.FlightTest.verifyCardDetailsFields() on instance allTest.FlightTest@63070bab depends on not successfully finished methods 
[allTest.FlightTest.verifyCardPaymentOption() on instance allTest.FlightTest@63070bab]
	at java.base/java.util.ArrayList.forEach(ArrayList.java:1511)
	at java.base/java.util.concurrent.FutureTask.run(FutureTask.java:317)
	at java.base/java.util.concurrent.ThreadPoolExecutor.runWorker(ThreadPoolExecutor.java:1144)
	at java.base/java.util.concurrent.ThreadPoolExecutor$Worker.run(ThreadPoolExecutor.java:642)
	at java.base/java.lang.Thread.run(Thread.java:1589)
... Removed 8 stack frames</div></td></tr></table><p class="totop"><a href="#summary">back to summary</a></p>
<h3 id="m34">allTest.FlightTest#verifyCardPaymentOption</h3><table class="result"><tr><th>Exception</th></tr><tr><td><div class="stacktrace">java.lang.Throwable: Method allTest.FlightTest.verifyCardPaymentOption() on instance allTest.FlightTest@63070bab depends on not successfully finished methods 
[allTest.FlightTest.verifyPassengerDetails() on instance allTest.FlightTest@63070bab]
	at java.base/java.util.ArrayList.forEach(ArrayList.java:1511)
	at java.base/java.util.concurrent.FutureTask.run(FutureTask.java:317)
	at java.base/java.util.concurrent.ThreadPoolExecutor.runWorker(ThreadPoolExecutor.java:1144)
	at java.base/java.util.concurrent.ThreadPoolExecutor$Worker.run(ThreadPoolExecutor.java:642)
	at java.base/java.lang.Thread.run(Thread.java:1589)
... Removed 8 stack frames</div></td></tr></table><p class="totop"><a href="#summary">back to summary</a></p>
<h3 id="m35">allTest.FlightTest#verifyFlightDetails</h3><table class="result"><tr><th>Exception</th></tr><tr><td><div class="stacktrace">java.lang.Throwable: Method allTest.FlightTest.verifyFlightDetails() on instance allTest.FlightTest@63070bab depends on not successfully finished methods 
[allTest.FlightTest.verifyBookBtn() on instance allTest.FlightTest@63070bab]
	at java.base/java.util.ArrayList.forEach(ArrayList.java:1511)
	at java.base/java.util.concurrent.FutureTask.run(FutureTask.java:317)
	at java.base/java.util.concurrent.ThreadPoolExecutor.runWorker(ThreadPoolExecutor.java:1144)
	at java.base/java.util.concurrent.ThreadPoolExecutor$Worker.run(ThreadPoolExecutor.java:642)
	at java.base/java.lang.Thread.run(Thread.java:1589)
... Removed 8 stack frames</div></td></tr></table><p class="totop"><a href="#summary">back to summary</a></p>
<h3 id="m36">allTest.FlightTest#verifyPassengerDetails</h3><table class="result"><tr><th>Exception</th></tr><tr><td><div class="stacktrace">java.lang.Throwable: Method allTest.FlightTest.verifyPassengerDetails() on instance allTest.FlightTest@63070bab depends on not successfully finished methods 
[allTest.FlightTest.enterPassengerDetails() on instance allTest.FlightTest@63070bab]
	at java.base/java.util.ArrayList.forEach(ArrayList.java:1511)
	at java.base/java.util.concurrent.FutureTask.run(FutureTask.java:317)
	at java.base/java.util.concurrent.ThreadPoolExecutor.runWorker(ThreadPoolExecutor.java:1144)
	at java.base/java.util.concurrent.ThreadPoolExecutor$Worker.run(ThreadPoolExecutor.java:642)
	at java.base/java.lang.Thread.run(Thread.java:1589)
... Removed 8 stack frames</div></td></tr></table><p class="totop"><a href="#summary">back to summary</a></p>
<h3 id="m37">allTest.FlightTest#verifyPayWithoutSavingCardButton</h3><table class="result"><tr><th>Exception</th></tr><tr><td><div class="stacktrace">java.lang.Throwable: Method allTest.FlightTest.verifyPayWithoutSavingCardButton() on instance allTest.FlightTest@63070bab depends on not successfully finished methods 
[allTest.FlightTest.verifyCardDetailsFields() on instance allTest.FlightTest@63070bab]
	at java.base/java.util.ArrayList.forEach(ArrayList.java:1511)
	at java.base/java.util.concurrent.FutureTask.run(FutureTask.java:317)
	at java.base/java.util.concurrent.ThreadPoolExecutor.runWorker(ThreadPoolExecutor.java:1144)
	at java.base/java.util.concurrent.ThreadPoolExecutor$Worker.run(ThreadPoolExecutor.java:642)
	at java.base/java.lang.Thread.run(Thread.java:1589)
... Removed 8 stack frames</div></td></tr></table><p class="totop"><a href="#summary">back to summary</a></p>
<h3 id="m38">allTest.FlightTest#verifyPriceFilter</h3><table class="result"><tr><th>Exception</th></tr><tr><td><div class="stacktrace">java.lang.Throwable: Method allTest.FlightTest.verifyPriceFilter() on instance allTest.FlightTest@63070bab depends on not successfully finished methods 
[allTest.FlightTest.verifySearchButton() on instance allTest.FlightTest@63070bab]
	at java.base/java.util.ArrayList.forEach(ArrayList.java:1511)
	at java.base/java.util.concurrent.FutureTask.run(FutureTask.java:317)
	at java.base/java.util.concurrent.ThreadPoolExecutor.runWorker(ThreadPoolExecutor.java:1144)
	at java.base/java.util.concurrent.ThreadPoolExecutor$Worker.run(ThreadPoolExecutor.java:642)
	at java.base/java.lang.Thread.run(Thread.java:1589)
... Removed 8 stack frames</div></td></tr></table><p class="totop"><a href="#summary">back to summary</a></p>
<h3 id="m39">allTest.FlightTest#verifySearchButton</h3><table class="result"><tr><th>Exception</th></tr><tr><td><div class="stacktrace">java.lang.Throwable: Method allTest.FlightTest.verifySearchButton() on instance allTest.FlightTest@63070bab depends on not successfully finished methods 
[allTest.FlightTest.enterTravellerDetails() on instance allTest.FlightTest@63070bab]
	at java.base/java.util.ArrayList.forEach(ArrayList.java:1511)
	at java.base/java.util.concurrent.FutureTask.run(FutureTask.java:317)
	at java.base/java.util.concurrent.ThreadPoolExecutor.runWorker(ThreadPoolExecutor.java:1144)
	at java.base/java.util.concurrent.ThreadPoolExecutor$Worker.run(ThreadPoolExecutor.java:642)
	at java.base/java.lang.Thread.run(Thread.java:1589)
... Removed 8 stack frames</div></td></tr></table><p class="totop"><a href="#summary">back to summary</a></p>
<h3 id="m40">allTest.FlightTest#navigateToFLightsPage</h3><table class="result"><tr><th class="invisible"/></tr></table><p class="totop"><a href="#summary">back to summary</a></p>
<h3 id="m41">allTest.FlightTest#verifyDateBtn</h3><table class="result"><tr><th class="invisible"/></tr></table><p class="totop"><a href="#summary">back to summary</a></p>
<h3 id="m42">allTest.FlightTest#verifyDestinationCity</h3><table class="result"><tr><th class="invisible"/></tr></table><p class="totop"><a href="#summary">back to summary</a></p>
<h3 id="m43">allTest.FlightTest#verifyFromTextBox</h3><table class="result"><tr><th class="invisible"/></tr></table><p class="totop"><a href="#summary">back to summary</a></p>
<h3 id="m44">allTest.FlightTest#verifyOriginCity</h3><table class="result"><tr><th class="invisible"/></tr></table><p class="totop"><a href="#summary">back to summary</a></p>
<h3 id="m45">allTest.FlightTest#verifyToTextBox</h3><table class="result"><tr><th class="invisible"/></tr></table><p class="totop"><a href="#summary">back to summary</a></p>
</body>
</html>
